TpTrace Verbose: 0 : 45796, 1, 2024/09/29, 15:42:53.432, 33723956957319, vstest.console.dll, Version: 17.10.0-release-24203-04 Current process architecture: X64
TpTrace Verbose: 0 : 45796, 1, 2024/09/29, 15:42:53.462, 33723957256492, vstest.console.dll, Runtime location: C:\Program Files\dotnet\shared\Microsoft.NETCore.App\8.0.6
TpTrace Verbose: 0 : 45796, 1, 2024/09/29, 15:42:53.914, 33723961771260, vstest.console.dll, ArtifactProcessingPostProcessModeProcessorExecutor.Initialize: ArtifactProcessingMode.Collect
TpTrace Verbose: 0 : 45796, 1, 2024/09/29, 15:42:54.018, 33723962815759, vstest.console.dll, TestSessionCorrelationIdProcessorModeProcessorExecutor.Initialize: TestSessionCorrelationId '34600_dc7b8aa9-4bad-4e88-9c4a-8d9c1f0e491a'
TpTrace Information: 0 : 45796, 1, 2024/09/29, 15:42:54.043, 33723963065086, vstest.console.dll, FilePatternParser: The given file C:\Users\orti803786\OneDrive - SIIGO SAS\Documentos\ASIGNACIONES\Proyecto.Net8_Angular\TaskManagementService\TaskManagement.Api.Test\bin\Debug\net8.0\fine-code-coverage\build-output\TaskManagement.Api.Test.dll is a full path.
TpTrace Verbose: 0 : 45796, 1, 2024/09/29, 15:42:54.065, 33723963284224, vstest.console.dll, TestPluginCache.DiscoverTestExtensions: finding test extensions in assemblies ends with: RuntimeProvider.dll TPluginInfo: Microsoft.VisualStudio.TestPlatform.Common.ExtensionFramework.Utilities.TestRuntimePluginInformation TExtension: Microsoft.VisualStudio.TestPlatform.ObjectModel.Host.ITestRuntimeProvider
TpTrace Verbose: 0 : 45796, 1, 2024/09/29, 15:42:54.069, 33723963322287, vstest.console.dll, TestPluginCache.GetExtensionPaths: Filtered extension paths: 
TpTrace Verbose: 0 : 45796, 1, 2024/09/29, 15:42:54.069, 33723963324823, vstest.console.dll, TestPluginCache.GetExtensionPaths: Added default extension paths: C:\Program Files\dotnet\sdk\8.0.302\Extensions\Microsoft.Diagnostics.NETCore.Client.dll
C:\Program Files\dotnet\sdk\8.0.302\Extensions\Microsoft.TestPlatform.Extensions.BlameDataCollector.dll
C:\Program Files\dotnet\sdk\8.0.302\Extensions\Microsoft.TestPlatform.Extensions.EventLogCollector.dll
C:\Program Files\dotnet\sdk\8.0.302\Extensions\Microsoft.TestPlatform.TestHostRuntimeProvider.dll
C:\Program Files\dotnet\sdk\8.0.302\Extensions\Microsoft.VisualStudio.TestPlatform.Extensions.Html.TestLogger.dll
C:\Program Files\dotnet\sdk\8.0.302\Extensions\Microsoft.VisualStudio.TestPlatform.Extensions.Trx.TestLogger.dll
TpTrace Verbose: 0 : 45796, 1, 2024/09/29, 15:42:54.069, 33723963325588, vstest.console.dll, TestPluginCache.GetExtensionPaths: Added unfilterableExtensionPaths: 
TpTrace Information: 0 : 45796, 1, 2024/09/29, 15:42:54.071, 33723963342090, vstest.console.dll, AssemblyResolver.ctor: Creating AssemblyResolver with searchDirectories C:\Program Files\dotnet\sdk\8.0.302\Extensions,C:\Program Files\dotnet\sdk\8.0.302
TpTrace Verbose: 0 : 45796, 1, 2024/09/29, 15:42:54.083, 33723963467031, vstest.console.dll, TestPluginCache.DiscoverTestExtensions: Discovering the extensions using extension path.
TpTrace Verbose: 0 : 45796, 1, 2024/09/29, 15:42:54.084, 33723963471236, vstest.console.dll, TestPluginCache.GetExtensionPaths: Filtered extension paths: 
TpTrace Verbose: 0 : 45796, 1, 2024/09/29, 15:42:54.084, 33723963472230, vstest.console.dll, TestPluginCache.GetExtensionPaths: Added default extension paths: C:\Program Files\dotnet\sdk\8.0.302\Extensions\Microsoft.Diagnostics.NETCore.Client.dll
C:\Program Files\dotnet\sdk\8.0.302\Extensions\Microsoft.TestPlatform.Extensions.BlameDataCollector.dll
C:\Program Files\dotnet\sdk\8.0.302\Extensions\Microsoft.TestPlatform.Extensions.EventLogCollector.dll
C:\Program Files\dotnet\sdk\8.0.302\Extensions\Microsoft.TestPlatform.TestHostRuntimeProvider.dll
C:\Program Files\dotnet\sdk\8.0.302\Extensions\Microsoft.VisualStudio.TestPlatform.Extensions.Html.TestLogger.dll
C:\Program Files\dotnet\sdk\8.0.302\Extensions\Microsoft.VisualStudio.TestPlatform.Extensions.Trx.TestLogger.dll
TpTrace Verbose: 0 : 45796, 1, 2024/09/29, 15:42:54.084, 33723963472834, vstest.console.dll, TestPluginCache.GetExtensionPaths: Added unfilterableExtensionPaths: 
TpTrace Verbose: 0 : 45796, 1, 2024/09/29, 15:42:54.084, 33723963476681, vstest.console.dll, TestPluginCache.DiscoverTestExtensions: Discovering the extensions using allExtensionPaths: C:\Program Files\dotnet\sdk\8.0.302\Extensions\Microsoft.Diagnostics.NETCore.Client.dll
C:\Program Files\dotnet\sdk\8.0.302\Extensions\Microsoft.TestPlatform.Extensions.BlameDataCollector.dll
C:\Program Files\dotnet\sdk\8.0.302\Extensions\Microsoft.TestPlatform.Extensions.EventLogCollector.dll
C:\Program Files\dotnet\sdk\8.0.302\Extensions\Microsoft.TestPlatform.TestHostRuntimeProvider.dll
C:\Program Files\dotnet\sdk\8.0.302\Extensions\Microsoft.VisualStudio.TestPlatform.Extensions.Html.TestLogger.dll
C:\Program Files\dotnet\sdk\8.0.302\Extensions\Microsoft.VisualStudio.TestPlatform.Extensions.Trx.TestLogger.dll
TpTrace Information: 0 : 45796, 1, 2024/09/29, 15:42:54.084, 33723963479423, vstest.console.dll, AssemblyResolver.AddSearchDirectories: Adding more searchDirectories C:\Program Files\dotnet\sdk\8.0.302\Extensions,C:\Program Files\dotnet\sdk\8.0.302
TpTrace Information: 0 : 45796, 1, 2024/09/29, 15:42:54.084, 33723963480426, vstest.console.dll, AssemblyResolver.AddSearchDirectories: Adding more searchDirectories C:\Program Files\dotnet\sdk\8.0.302\Extensions,C:\Program Files\dotnet\sdk\8.0.302
TpTrace Information: 0 : 45796, 1, 2024/09/29, 15:42:54.085, 33723963480941, vstest.console.dll, AssemblyResolver.AddSearchDirectories: Adding more searchDirectories C:\Program Files\dotnet\sdk\8.0.302\Extensions,C:\Program Files\dotnet\sdk\8.0.302
TpTrace Information: 0 : 45796, 1, 2024/09/29, 15:42:54.085, 33723963481752, vstest.console.dll, AssemblyResolver.AddSearchDirectories: Adding more searchDirectories C:\Program Files\dotnet\sdk\8.0.302\Extensions,C:\Program Files\dotnet\sdk\8.0.302
TpTrace Information: 0 : 45796, 1, 2024/09/29, 15:42:54.085, 33723963482265, vstest.console.dll, AssemblyResolver.AddSearchDirectories: Adding more searchDirectories C:\Program Files\dotnet\sdk\8.0.302\Extensions,C:\Program Files\dotnet\sdk\8.0.302
TpTrace Information: 0 : 45796, 1, 2024/09/29, 15:42:54.085, 33723963482708, vstest.console.dll, AssemblyResolver.AddSearchDirectories: Adding more searchDirectories C:\Program Files\dotnet\sdk\8.0.302\Extensions,C:\Program Files\dotnet\sdk\8.0.302
TpTrace Information: 0 : 45796, 1, 2024/09/29, 15:42:54.085, 33723963490684, vstest.console.dll, AssemblyResolver.OnResolve: Microsoft.Diagnostics.NETCore.Client: Resolving assembly.
TpTrace Information: 0 : 45796, 1, 2024/09/29, 15:42:54.086, 33723963494361, vstest.console.dll, AssemblyResolver.OnResolve: Microsoft.Diagnostics.NETCore.Client: Searching in: 'C:\Program Files\dotnet\sdk\8.0.302\Extensions'.
TpTrace Information: 0 : 45796, 1, 2024/09/29, 15:42:54.361, 33723966244722, vstest.console.dll, AssemblyResolver.OnResolve: Microsoft.Diagnostics.NETCore.Client: Loading assembly 'C:\Program Files\dotnet\sdk\8.0.302\Extensions\Microsoft.Diagnostics.NETCore.Client.dll'.
TpTrace Information: 0 : 45796, 1, 2024/09/29, 15:42:54.364, 33723966277100, vstest.console.dll, AssemblyResolver.OnResolve: Resolved assembly: Microsoft.Diagnostics.NETCore.Client, from path: C:\Program Files\dotnet\sdk\8.0.302\Extensions\Microsoft.Diagnostics.NETCore.Client.dll
TpTrace Verbose: 0 : 45796, 1, 2024/09/29, 15:42:54.371, 33723966343951, vstest.console.dll, MetadataReaderExtensionsHelper: Discovering extensions inside assembly 'Microsoft.Diagnostics.NETCore.Client, Version=0.2.10.15101, Culture=neutral, PublicKeyToken=31bf3856ad364e35' file path 'C:\Program Files\dotnet\sdk\8.0.302\Extensions\Microsoft.Diagnostics.NETCore.Client.dll'
TpTrace Information: 0 : 45796, 1, 2024/09/29, 15:42:54.379, 33723966421726, vstest.console.dll, AssemblyResolver.OnResolve: Microsoft.Bcl.AsyncInterfaces: Resolving assembly.
TpTrace Information: 0 : 45796, 1, 2024/09/29, 15:42:54.379, 33723966423607, vstest.console.dll, AssemblyResolver.OnResolve: Microsoft.Bcl.AsyncInterfaces: Searching in: 'C:\Program Files\dotnet\sdk\8.0.302\Extensions'.
TpTrace Information: 0 : 45796, 1, 2024/09/29, 15:42:54.379, 33723966426441, vstest.console.dll, AssemblyResolver.OnResolve: Microsoft.Bcl.AsyncInterfaces: Assembly path does not exist: 'C:\Program Files\dotnet\sdk\8.0.302\Extensions\Microsoft.Bcl.AsyncInterfaces.dll', returning.
TpTrace Information: 0 : 45796, 1, 2024/09/29, 15:42:54.379, 33723966428161, vstest.console.dll, AssemblyResolver.OnResolve: Microsoft.Bcl.AsyncInterfaces: Assembly path does not exist: 'C:\Program Files\dotnet\sdk\8.0.302\Extensions\Microsoft.Bcl.AsyncInterfaces.exe', returning.
TpTrace Information: 0 : 45796, 1, 2024/09/29, 15:42:54.379, 33723966428828, vstest.console.dll, AssemblyResolver.OnResolve: Microsoft.Bcl.AsyncInterfaces: Searching in: 'C:\Program Files\dotnet\sdk\8.0.302'.
TpTrace Information: 0 : 45796, 1, 2024/09/29, 15:42:54.379, 33723966430008, vstest.console.dll, AssemblyResolver.OnResolve: Microsoft.Bcl.AsyncInterfaces: Assembly path does not exist: 'C:\Program Files\dotnet\sdk\8.0.302\Microsoft.Bcl.AsyncInterfaces.dll', returning.
TpTrace Information: 0 : 45796, 1, 2024/09/29, 15:42:54.380, 33723966432535, vstest.console.dll, AssemblyResolver.OnResolve: Microsoft.Bcl.AsyncInterfaces: Assembly path does not exist: 'C:\Program Files\dotnet\sdk\8.0.302\Microsoft.Bcl.AsyncInterfaces.exe', returning.
TpTrace Information: 0 : 45796, 1, 2024/09/29, 15:42:54.380, 33723966433091, vstest.console.dll, AssemblyResolver.OnResolve: Microsoft.Bcl.AsyncInterfaces: Failed to load assembly.
TpTrace Verbose: 0 : 45796, 1, 2024/09/29, 15:42:54.380, 33723966434233, vstest.console.dll, CurrentDomainAssemblyResolve: Resolving assembly 'Microsoft.Bcl.AsyncInterfaces'.
TpTrace Information: 0 : 45796, 1, 2024/09/29, 15:42:54.380, 33723966435343, vstest.console.dll, AssemblyResolver.OnResolve: Microsoft.Bcl.AsyncInterfaces: Resolving assembly.
TpTrace Information: 0 : 45796, 1, 2024/09/29, 15:42:54.380, 33723966436069, vstest.console.dll, AssemblyResolver.OnResolve: Microsoft.Bcl.AsyncInterfaces: Resolved from cache.
TpTrace Verbose: 0 : 45796, 1, 2024/09/29, 15:42:54.380, 33723966436530, vstest.console.dll, CurrentDomainAssemblyResolve: Resolving assembly 'Microsoft.Bcl.AsyncInterfaces'.
TpTrace Verbose: 0 : 45796, 1, 2024/09/29, 15:42:54.380, 33723966437091, vstest.console.dll, CurrentDomainAssemblyResolve: Failed to resolve assembly 'Microsoft.Bcl.AsyncInterfaces'.
TpTrace Verbose: 0 : 45796, 1, 2024/09/29, 15:42:54.390, 33723966534495, vstest.console.dll, CurrentDomainAssemblyResolve: Failed to resolve assembly 'Microsoft.Bcl.AsyncInterfaces'.
TpTrace Warning: 0 : 45796, 1, 2024/09/29, 15:42:54.435, 33723966983077, vstest.console.dll, TestPluginDiscoverer: Failed to get types from assembly 'Microsoft.Diagnostics.NETCore.Client, Version=0.2.10.15101, Culture=neutral, PublicKeyToken=31bf3856ad364e35'. Error: System.Reflection.ReflectionTypeLoadException: Unable to load one or more of the requested types.
Could not load file or assembly 'Microsoft.Bcl.AsyncInterfaces, Version=6.0.0.0, Culture=neutral, PublicKeyToken=cc7b13ffcd2ddd51'. El sistema no puede encontrar el archivo especificado.
   at System.Reflection.RuntimeModule.GetTypes(RuntimeModule module)
   at System.Reflection.RuntimeModule.GetTypes()
   at Microsoft.VisualStudio.TestPlatform.Common.ExtensionFramework.TestPluginDiscoverer.GetTestExtensionsFromAssembly[TPluginInfo,TExtension](Assembly assembly, Dictionary`2 pluginInfos, String filePath) in /_/src/Microsoft.TestPlatform.Common/ExtensionFramework/TestPluginDiscoverer.cs:line 158
System.IO.FileNotFoundException: Could not load file or assembly 'Microsoft.Bcl.AsyncInterfaces, Version=6.0.0.0, Culture=neutral, PublicKeyToken=cc7b13ffcd2ddd51'. El sistema no puede encontrar el archivo especificado.
File name: 'Microsoft.Bcl.AsyncInterfaces, Version=6.0.0.0, Culture=neutral, PublicKeyToken=cc7b13ffcd2ddd51'
 ---> System.IO.FileNotFoundException: Could not load file or assembly 'Microsoft.Bcl.AsyncInterfaces, Culture=neutral, PublicKeyToken=null'. El sistema no puede encontrar el archivo especificado.
File name: 'Microsoft.Bcl.AsyncInterfaces, Culture=neutral, PublicKeyToken=null'
   at System.Reflection.RuntimeAssembly.InternalLoad(AssemblyName assemblyName, StackCrawlMark& stackMark, AssemblyLoadContext assemblyLoadContext, RuntimeAssembly requestingAssembly, Boolean throwOnFileNotFound)
   at System.Reflection.Assembly.Load(AssemblyName assemblyRef)
   at Microsoft.VisualStudio.TestPlatform.Common.ExtensionFramework.TestPluginCache.CurrentDomainAssemblyResolve(Object sender, AssemblyResolveEventArgs args) in /_/src/Microsoft.TestPlatform.Common/ExtensionFramework/TestPluginCache.cs:line 513
   at System.Runtime.Loader.AssemblyLoadContext.GetFirstResolvedAssemblyFromResolvingEvent(AssemblyName assemblyName)
   at System.Runtime.Loader.AssemblyLoadContext.ResolveUsingEvent(AssemblyName assemblyName)
   at System.Runtime.Loader.AssemblyLoadContext.ResolveUsingResolvingEvent(IntPtr gchManagedAssemblyLoadContext, AssemblyName assemblyName)
TpTrace Warning: 0 : 45796, 1, 2024/09/29, 15:42:54.435, 33723966990349, vstest.console.dll, LoaderExceptions: System.IO.FileNotFoundException: Could not load file or assembly 'Microsoft.Bcl.AsyncInterfaces, Version=6.0.0.0, Culture=neutral, PublicKeyToken=cc7b13ffcd2ddd51'. El sistema no puede encontrar el archivo especificado.
File name: 'Microsoft.Bcl.AsyncInterfaces, Version=6.0.0.0, Culture=neutral, PublicKeyToken=cc7b13ffcd2ddd51'
 ---> System.IO.FileNotFoundException: Could not load file or assembly 'Microsoft.Bcl.AsyncInterfaces, Culture=neutral, PublicKeyToken=null'. El sistema no puede encontrar el archivo especificado.
File name: 'Microsoft.Bcl.AsyncInterfaces, Culture=neutral, PublicKeyToken=null'
   at System.Reflection.RuntimeAssembly.InternalLoad(AssemblyName assemblyName, StackCrawlMark& stackMark, AssemblyLoadContext assemblyLoadContext, RuntimeAssembly requestingAssembly, Boolean throwOnFileNotFound)
   at System.Reflection.Assembly.Load(AssemblyName assemblyRef)
   at Microsoft.VisualStudio.TestPlatform.Common.ExtensionFramework.TestPluginCache.CurrentDomainAssemblyResolve(Object sender, AssemblyResolveEventArgs args) in /_/src/Microsoft.TestPlatform.Common/ExtensionFramework/TestPluginCache.cs:line 513
   at System.Runtime.Loader.AssemblyLoadContext.GetFirstResolvedAssemblyFromResolvingEvent(AssemblyName assemblyName)
   at System.Runtime.Loader.AssemblyLoadContext.ResolveUsingEvent(AssemblyName assemblyName)
   at System.Runtime.Loader.AssemblyLoadContext.ResolveUsingResolvingEvent(IntPtr gchManagedAssemblyLoadContext, AssemblyName assemblyName)
TpTrace Information: 0 : 45796, 1, 2024/09/29, 15:42:54.436, 33723966993105, vstest.console.dll, AssemblyResolver.OnResolve: Microsoft.TestPlatform.Extensions.BlameDataCollector: Resolving assembly.
TpTrace Information: 0 : 45796, 1, 2024/09/29, 15:42:54.436, 33723966994018, vstest.console.dll, AssemblyResolver.OnResolve: Microsoft.TestPlatform.Extensions.BlameDataCollector: Searching in: 'C:\Program Files\dotnet\sdk\8.0.302\Extensions'.
TpTrace Information: 0 : 45796, 1, 2024/09/29, 15:42:54.438, 33723967014672, vstest.console.dll, AssemblyResolver.OnResolve: Microsoft.TestPlatform.Extensions.BlameDataCollector: Loading assembly 'C:\Program Files\dotnet\sdk\8.0.302\Extensions\Microsoft.TestPlatform.Extensions.BlameDataCollector.dll'.
TpTrace Information: 0 : 45796, 1, 2024/09/29, 15:42:54.440, 33723967040307, vstest.console.dll, AssemblyResolver.OnResolve: Resolved assembly: Microsoft.TestPlatform.Extensions.BlameDataCollector, from path: C:\Program Files\dotnet\sdk\8.0.302\Extensions\Microsoft.TestPlatform.Extensions.BlameDataCollector.dll
TpTrace Verbose: 0 : 45796, 1, 2024/09/29, 15:42:54.441, 33723967042146, vstest.console.dll, MetadataReaderExtensionsHelper: Discovering extensions inside assembly 'Microsoft.TestPlatform.Extensions.BlameDataCollector, Version=15.0.0.0, Culture=neutral, PublicKeyToken=b03f5f7f11d50a3a' file path 'C:\Program Files\dotnet\sdk\8.0.302\Extensions\Microsoft.TestPlatform.Extensions.BlameDataCollector.dll'
TpTrace Information: 0 : 45796, 1, 2024/09/29, 15:42:54.444, 33723967072671, vstest.console.dll, AssemblyResolver.OnResolve: Microsoft.TestPlatform.Extensions.EventLogCollector: Resolving assembly.
TpTrace Information: 0 : 45796, 1, 2024/09/29, 15:42:54.444, 33723967075451, vstest.console.dll, AssemblyResolver.OnResolve: Microsoft.TestPlatform.Extensions.EventLogCollector: Searching in: 'C:\Program Files\dotnet\sdk\8.0.302\Extensions'.
TpTrace Information: 0 : 45796, 1, 2024/09/29, 15:42:54.445, 33723967089980, vstest.console.dll, AssemblyResolver.OnResolve: Microsoft.TestPlatform.Extensions.EventLogCollector: Loading assembly 'C:\Program Files\dotnet\sdk\8.0.302\Extensions\Microsoft.TestPlatform.Extensions.EventLogCollector.dll'.
TpTrace Information: 0 : 45796, 1, 2024/09/29, 15:42:54.447, 33723967102810, vstest.console.dll, AssemblyResolver.OnResolve: Resolved assembly: Microsoft.TestPlatform.Extensions.EventLogCollector, from path: C:\Program Files\dotnet\sdk\8.0.302\Extensions\Microsoft.TestPlatform.Extensions.EventLogCollector.dll
TpTrace Verbose: 0 : 45796, 1, 2024/09/29, 15:42:54.447, 33723967104082, vstest.console.dll, MetadataReaderExtensionsHelper: Discovering extensions inside assembly 'Microsoft.TestPlatform.Extensions.EventLogCollector, Version=15.0.0.0, Culture=neutral, PublicKeyToken=b03f5f7f11d50a3a' file path 'C:\Program Files\dotnet\sdk\8.0.302\Extensions\Microsoft.TestPlatform.Extensions.EventLogCollector.dll'
TpTrace Information: 0 : 45796, 1, 2024/09/29, 15:42:54.453, 33723967164351, vstest.console.dll, AssemblyResolver.OnResolve: Microsoft.TestPlatform.TestHostRuntimeProvider: Resolving assembly.
TpTrace Information: 0 : 45796, 1, 2024/09/29, 15:42:54.453, 33723967165863, vstest.console.dll, AssemblyResolver.OnResolve: Microsoft.TestPlatform.TestHostRuntimeProvider: Searching in: 'C:\Program Files\dotnet\sdk\8.0.302\Extensions'.
TpTrace Information: 0 : 45796, 1, 2024/09/29, 15:42:54.455, 33723967186808, vstest.console.dll, AssemblyResolver.OnResolve: Microsoft.TestPlatform.TestHostRuntimeProvider: Loading assembly 'C:\Program Files\dotnet\sdk\8.0.302\Extensions\Microsoft.TestPlatform.TestHostRuntimeProvider.dll'.
TpTrace Information: 0 : 45796, 1, 2024/09/29, 15:42:54.457, 33723967201613, vstest.console.dll, AssemblyResolver.OnResolve: Resolved assembly: Microsoft.TestPlatform.TestHostRuntimeProvider, from path: C:\Program Files\dotnet\sdk\8.0.302\Extensions\Microsoft.TestPlatform.TestHostRuntimeProvider.dll
TpTrace Verbose: 0 : 45796, 1, 2024/09/29, 15:42:54.457, 33723967203245, vstest.console.dll, MetadataReaderExtensionsHelper: Discovering extensions inside assembly 'Microsoft.TestPlatform.TestHostRuntimeProvider, Version=15.0.0.0, Culture=neutral, PublicKeyToken=b03f5f7f11d50a3a' file path 'C:\Program Files\dotnet\sdk\8.0.302\Extensions\Microsoft.TestPlatform.TestHostRuntimeProvider.dll'
TpTrace Information: 0 : 45796, 1, 2024/09/29, 15:42:54.460, 33723967237389, vstest.console.dll, GetTestExtensionFromType: Register extension with identifier data 'HostProvider://DefaultTestHost' and type 'Microsoft.VisualStudio.TestPlatform.CrossPlatEngine.Hosting.DefaultTestHostManager, Microsoft.TestPlatform.TestHostRuntimeProvider, Version=15.0.0.0, Culture=neutral, PublicKeyToken=b03f5f7f11d50a3a' inside file 'C:\Program Files\dotnet\sdk\8.0.302\Extensions\Microsoft.TestPlatform.TestHostRuntimeProvider.dll'
TpTrace Information: 0 : 45796, 1, 2024/09/29, 15:42:54.461, 33723967241972, vstest.console.dll, GetTestExtensionFromType: Register extension with identifier data 'HostProvider://DotnetTestHost' and type 'Microsoft.VisualStudio.TestPlatform.CrossPlatEngine.Hosting.DotnetTestHostManager, Microsoft.TestPlatform.TestHostRuntimeProvider, Version=15.0.0.0, Culture=neutral, PublicKeyToken=b03f5f7f11d50a3a' inside file 'C:\Program Files\dotnet\sdk\8.0.302\Extensions\Microsoft.TestPlatform.TestHostRuntimeProvider.dll'
TpTrace Information: 0 : 45796, 1, 2024/09/29, 15:42:54.461, 33723967243801, vstest.console.dll, AssemblyResolver.OnResolve: Microsoft.VisualStudio.TestPlatform.Extensions.Html.TestLogger: Resolving assembly.
TpTrace Information: 0 : 45796, 1, 2024/09/29, 15:42:54.461, 33723967244732, vstest.console.dll, AssemblyResolver.OnResolve: Microsoft.VisualStudio.TestPlatform.Extensions.Html.TestLogger: Searching in: 'C:\Program Files\dotnet\sdk\8.0.302\Extensions'.
TpTrace Information: 0 : 45796, 1, 2024/09/29, 15:42:54.463, 33723967262902, vstest.console.dll, AssemblyResolver.OnResolve: Microsoft.VisualStudio.TestPlatform.Extensions.Html.TestLogger: Loading assembly 'C:\Program Files\dotnet\sdk\8.0.302\Extensions\Microsoft.VisualStudio.TestPlatform.Extensions.Html.TestLogger.dll'.
TpTrace Information: 0 : 45796, 1, 2024/09/29, 15:42:54.464, 33723967279298, vstest.console.dll, AssemblyResolver.OnResolve: Resolved assembly: Microsoft.VisualStudio.TestPlatform.Extensions.Html.TestLogger, from path: C:\Program Files\dotnet\sdk\8.0.302\Extensions\Microsoft.VisualStudio.TestPlatform.Extensions.Html.TestLogger.dll
TpTrace Verbose: 0 : 45796, 1, 2024/09/29, 15:42:54.465, 33723967281019, vstest.console.dll, MetadataReaderExtensionsHelper: Discovering extensions inside assembly 'Microsoft.VisualStudio.TestPlatform.Extensions.Html.TestLogger, Version=15.0.0.0, Culture=neutral, PublicKeyToken=b03f5f7f11d50a3a' file path 'C:\Program Files\dotnet\sdk\8.0.302\Extensions\Microsoft.VisualStudio.TestPlatform.Extensions.Html.TestLogger.dll'
TpTrace Information: 0 : 45796, 1, 2024/09/29, 15:42:54.467, 33723967301730, vstest.console.dll, AssemblyResolver.OnResolve: Microsoft.VisualStudio.TestPlatform.Extensions.Trx.TestLogger: Resolving assembly.
TpTrace Information: 0 : 45796, 1, 2024/09/29, 15:42:54.467, 33723967303816, vstest.console.dll, AssemblyResolver.OnResolve: Microsoft.VisualStudio.TestPlatform.Extensions.Trx.TestLogger: Searching in: 'C:\Program Files\dotnet\sdk\8.0.302\Extensions'.
TpTrace Information: 0 : 45796, 1, 2024/09/29, 15:42:54.469, 33723967324092, vstest.console.dll, AssemblyResolver.OnResolve: Microsoft.VisualStudio.TestPlatform.Extensions.Trx.TestLogger: Loading assembly 'C:\Program Files\dotnet\sdk\8.0.302\Extensions\Microsoft.VisualStudio.TestPlatform.Extensions.Trx.TestLogger.dll'.
TpTrace Information: 0 : 45796, 1, 2024/09/29, 15:42:54.471, 33723967344384, vstest.console.dll, AssemblyResolver.OnResolve: Resolved assembly: Microsoft.VisualStudio.TestPlatform.Extensions.Trx.TestLogger, from path: C:\Program Files\dotnet\sdk\8.0.302\Extensions\Microsoft.VisualStudio.TestPlatform.Extensions.Trx.TestLogger.dll
TpTrace Verbose: 0 : 45796, 1, 2024/09/29, 15:42:54.471, 33723967346929, vstest.console.dll, MetadataReaderExtensionsHelper: Discovering extensions inside assembly 'Microsoft.VisualStudio.TestPlatform.Extensions.Trx.TestLogger, Version=15.0.0.0, Culture=neutral, PublicKeyToken=b03f5f7f11d50a3a' file path 'C:\Program Files\dotnet\sdk\8.0.302\Extensions\Microsoft.VisualStudio.TestPlatform.Extensions.Trx.TestLogger.dll'
TpTrace Verbose: 0 : 45796, 1, 2024/09/29, 15:42:54.473, 33723967369613, vstest.console.dll, TestPluginCache: Discovered the extensions using extension path ''.
TpTrace Verbose: 0 : 45796, 1, 2024/09/29, 15:42:54.474, 33723967370928, vstest.console.dll, TestPluginCache: Discoverers are ''.
TpTrace Verbose: 0 : 45796, 1, 2024/09/29, 15:42:54.474, 33723967371476, vstest.console.dll, TestPluginCache: Executors are ''.
TpTrace Verbose: 0 : 45796, 1, 2024/09/29, 15:42:54.474, 33723967371917, vstest.console.dll, TestPluginCache: Executors2 are ''.
TpTrace Verbose: 0 : 45796, 1, 2024/09/29, 15:42:54.474, 33723967372330, vstest.console.dll, TestPluginCache: Setting providers are ''.
TpTrace Verbose: 0 : 45796, 1, 2024/09/29, 15:42:54.474, 33723967373279, vstest.console.dll, TestPluginCache: Loggers are ''.
TpTrace Verbose: 0 : 45796, 1, 2024/09/29, 15:42:54.474, 33723967374509, vstest.console.dll, TestPluginCache: TestHosts are 'HostProvider://DefaultTestHost,HostProvider://DotnetTestHost'.
TpTrace Verbose: 0 : 45796, 1, 2024/09/29, 15:42:54.474, 33723967375087, vstest.console.dll, TestPluginCache: DataCollectors are ''.
TpTrace Information: 0 : 45796, 1, 2024/09/29, 15:42:54.514, 33723967778401, vstest.console.dll, RunTestsArgumentProcessor:Execute: Test run is starting.
TpTrace Verbose: 0 : 45796, 1, 2024/09/29, 15:42:54.514, 33723967780031, vstest.console.dll, RunTestsArgumentProcessor:Execute: Queuing Test run.
TpTrace Information: 0 : 45796, 1, 2024/09/29, 15:42:54.515, 33723967783117, vstest.console.dll, TestRequestManager.RunTests: run tests started.
TpTrace Information: 0 : 45796, 1, 2024/09/29, 15:42:54.574, 33723968376732, vstest.console.dll, AssemblyMetadataProvider.GetFrameworkName: Determined framework:'.NETCoreApp,Version=v8.0' for source: 'C:\Users\orti803786\OneDrive - SIIGO SAS\Documentos\ASIGNACIONES\Proyecto.Net8_Angular\TaskManagementService\TaskManagement.Api.Test\bin\Debug\net8.0\fine-code-coverage\build-output\TaskManagement.Api.Test.dll'
TpTrace Information: 0 : 45796, 1, 2024/09/29, 15:42:54.575, 33723968381140, vstest.console.dll, Determined framework for all sources: .NETCoreApp,Version=v8.0
TpTrace Verbose: 0 : 45796, 1, 2024/09/29, 15:42:54.578, 33723968414100, vstest.console.dll, TestRequestManager.UpdateRunSettingsIfRequired: Default architecture: X64 IsDefaultTargetArchitecture: True, Current process architecture: X64 OperatingSystem: Windows.
TpTrace Information: 0 : 45796, 1, 2024/09/29, 15:42:54.581, 33723968445622, vstest.console.dll, AssemblyMetadataProvider.GetArchitecture: Determined architecture:AnyCPU info for assembly: C:\Users\orti803786\OneDrive - SIIGO SAS\Documentos\ASIGNACIONES\Proyecto.Net8_Angular\TaskManagementService\TaskManagement.Api.Test\bin\Debug\net8.0\fine-code-coverage\build-output\TaskManagement.Api.Test.dll
TpTrace Information: 0 : 45796, 1, 2024/09/29, 15:42:54.581, 33723968446777, vstest.console.dll, Determined platform for source 'C:\Users\orti803786\OneDrive - SIIGO SAS\Documentos\ASIGNACIONES\Proyecto.Net8_Angular\TaskManagementService\TaskManagement.Api.Test\bin\Debug\net8.0\fine-code-coverage\build-output\TaskManagement.Api.Test.dll' was AnyCPU and it will use the default plaform X64.
TpTrace Information: 0 : 45796, 1, 2024/09/29, 15:42:54.581, 33723968447273, vstest.console.dll, None of the sources provided any runnable platform, using the default platform: X64
TpTrace Information: 0 : 45796, 1, 2024/09/29, 15:42:54.581, 33723968449007, vstest.console.dll, Platform was updated to 'X64'.
TpTrace Information: 0 : 45796, 1, 2024/09/29, 15:42:54.597, 33723968605729, vstest.console.dll, InferRunSettingsHelper.IsTestSettingsEnabled: Unable to navigate to RunSettings/MSTest. Current node: RunSettings
TpTrace Information: 0 : 45796, 1, 2024/09/29, 15:42:54.598, 33723968616700, vstest.console.dll, AssemblyResolver.OnResolve: Microsoft.VisualStudio.TestPlatform.Fakes: Resolving assembly.
TpTrace Information: 0 : 45796, 1, 2024/09/29, 15:42:54.598, 33723968618139, vstest.console.dll, AssemblyResolver.OnResolve: Microsoft.VisualStudio.TestPlatform.Fakes: Searching in: 'C:\Program Files\dotnet\sdk\8.0.302\Extensions'.
TpTrace Information: 0 : 45796, 1, 2024/09/29, 15:42:54.598, 33723968620062, vstest.console.dll, AssemblyResolver.OnResolve: Microsoft.VisualStudio.TestPlatform.Fakes: Assembly path does not exist: 'C:\Program Files\dotnet\sdk\8.0.302\Extensions\Microsoft.VisualStudio.TestPlatform.Fakes.dll', returning.
TpTrace Information: 0 : 45796, 1, 2024/09/29, 15:42:54.599, 33723968621469, vstest.console.dll, AssemblyResolver.OnResolve: Microsoft.VisualStudio.TestPlatform.Fakes: Assembly path does not exist: 'C:\Program Files\dotnet\sdk\8.0.302\Extensions\Microsoft.VisualStudio.TestPlatform.Fakes.exe', returning.
TpTrace Information: 0 : 45796, 1, 2024/09/29, 15:42:54.599, 33723968622044, vstest.console.dll, AssemblyResolver.OnResolve: Microsoft.VisualStudio.TestPlatform.Fakes: Searching in: 'C:\Program Files\dotnet\sdk\8.0.302'.
TpTrace Information: 0 : 45796, 1, 2024/09/29, 15:42:54.599, 33723968623124, vstest.console.dll, AssemblyResolver.OnResolve: Microsoft.VisualStudio.TestPlatform.Fakes: Assembly path does not exist: 'C:\Program Files\dotnet\sdk\8.0.302\Microsoft.VisualStudio.TestPlatform.Fakes.dll', returning.
TpTrace Information: 0 : 45796, 1, 2024/09/29, 15:42:54.599, 33723968624125, vstest.console.dll, AssemblyResolver.OnResolve: Microsoft.VisualStudio.TestPlatform.Fakes: Assembly path does not exist: 'C:\Program Files\dotnet\sdk\8.0.302\Microsoft.VisualStudio.TestPlatform.Fakes.exe', returning.
TpTrace Information: 0 : 45796, 1, 2024/09/29, 15:42:54.599, 33723968624763, vstest.console.dll, AssemblyResolver.OnResolve: Microsoft.VisualStudio.TestPlatform.Fakes: Failed to load assembly.
TpTrace Information: 0 : 45796, 1, 2024/09/29, 15:42:54.599, 33723968628875, vstest.console.dll, Failed to load assembly Microsoft.VisualStudio.TestPlatform.Fakes, Version=17.0.0.0, Culture=neutral. Reason:System.IO.FileNotFoundException: Could not load file or assembly 'Microsoft.VisualStudio.TestPlatform.Fakes, Version=17.0.0.0, Culture=neutral, PublicKeyToken=null'. El sistema no puede encontrar el archivo especificado.
File name: 'Microsoft.VisualStudio.TestPlatform.Fakes, Version=17.0.0.0, Culture=neutral, PublicKeyToken=null'
   at System.Reflection.RuntimeAssembly.InternalLoad(AssemblyName assemblyName, StackCrawlMark& stackMark, AssemblyLoadContext assemblyLoadContext, RuntimeAssembly requestingAssembly, Boolean throwOnFileNotFound)
   at System.Reflection.Assembly.Load(AssemblyName assemblyRef)
   at Microsoft.VisualStudio.TestPlatform.Common.Utilities.FakesUtilities.LoadTestPlatformAssembly() in /_/src/Microsoft.TestPlatform.Common/Utilities/FakesUtilities.cs:line 272
TpTrace Verbose: 0 : 45796, 1, 2024/09/29, 15:42:54.871, 33723971350512, vstest.console.dll, TestPluginCache.DiscoverTestExtensions: finding test extensions in assemblies ends with: TestLogger.dll TPluginInfo: Microsoft.VisualStudio.TestPlatform.Common.ExtensionFramework.Utilities.TestLoggerPluginInformation TExtension: Microsoft.VisualStudio.TestPlatform.ObjectModel.Client.ITestLogger
TpTrace Verbose: 0 : 45796, 1, 2024/09/29, 15:42:54.872, 33723971352938, vstest.console.dll, TestPluginCache.GetExtensionPaths: Filtered extension paths: 
TpTrace Verbose: 0 : 45796, 1, 2024/09/29, 15:42:54.872, 33723971353660, vstest.console.dll, TestPluginCache.GetExtensionPaths: Added default extension paths: C:\Program Files\dotnet\sdk\8.0.302\Extensions\Microsoft.Diagnostics.NETCore.Client.dll
C:\Program Files\dotnet\sdk\8.0.302\Extensions\Microsoft.TestPlatform.Extensions.BlameDataCollector.dll
C:\Program Files\dotnet\sdk\8.0.302\Extensions\Microsoft.TestPlatform.Extensions.EventLogCollector.dll
C:\Program Files\dotnet\sdk\8.0.302\Extensions\Microsoft.TestPlatform.TestHostRuntimeProvider.dll
C:\Program Files\dotnet\sdk\8.0.302\Extensions\Microsoft.VisualStudio.TestPlatform.Extensions.Html.TestLogger.dll
C:\Program Files\dotnet\sdk\8.0.302\Extensions\Microsoft.VisualStudio.TestPlatform.Extensions.Trx.TestLogger.dll
TpTrace Verbose: 0 : 45796, 1, 2024/09/29, 15:42:54.872, 33723971354283, vstest.console.dll, TestPluginCache.GetExtensionPaths: Added unfilterableExtensionPaths: 
TpTrace Information: 0 : 45796, 1, 2024/09/29, 15:42:54.872, 33723971357420, vstest.console.dll, AssemblyResolver.AddSearchDirectories: Adding more searchDirectories C:\Program Files\dotnet\sdk\8.0.302\Extensions,C:\Program Files\dotnet\sdk\8.0.302
TpTrace Verbose: 0 : 45796, 1, 2024/09/29, 15:42:54.872, 33723971359964, vstest.console.dll, TestPluginCache.DiscoverTestExtensions: Discovering the extensions using extension path.
TpTrace Verbose: 0 : 45796, 1, 2024/09/29, 15:42:54.872, 33723971360827, vstest.console.dll, TestPluginCache.GetExtensionPaths: Filtered extension paths: 
TpTrace Verbose: 0 : 45796, 1, 2024/09/29, 15:42:54.873, 33723971361449, vstest.console.dll, TestPluginCache.GetExtensionPaths: Added default extension paths: C:\Program Files\dotnet\sdk\8.0.302\Extensions\Microsoft.Diagnostics.NETCore.Client.dll
C:\Program Files\dotnet\sdk\8.0.302\Extensions\Microsoft.TestPlatform.Extensions.BlameDataCollector.dll
C:\Program Files\dotnet\sdk\8.0.302\Extensions\Microsoft.TestPlatform.Extensions.EventLogCollector.dll
C:\Program Files\dotnet\sdk\8.0.302\Extensions\Microsoft.TestPlatform.TestHostRuntimeProvider.dll
C:\Program Files\dotnet\sdk\8.0.302\Extensions\Microsoft.VisualStudio.TestPlatform.Extensions.Html.TestLogger.dll
C:\Program Files\dotnet\sdk\8.0.302\Extensions\Microsoft.VisualStudio.TestPlatform.Extensions.Trx.TestLogger.dll
TpTrace Verbose: 0 : 45796, 1, 2024/09/29, 15:42:54.873, 33723971363151, vstest.console.dll, TestPluginCache.GetExtensionPaths: Added unfilterableExtensionPaths: 
TpTrace Verbose: 0 : 45796, 1, 2024/09/29, 15:42:54.873, 33723971364096, vstest.console.dll, TestPluginCache.DiscoverTestExtensions: Discovering the extensions using allExtensionPaths: C:\Program Files\dotnet\sdk\8.0.302\Extensions\Microsoft.Diagnostics.NETCore.Client.dll
C:\Program Files\dotnet\sdk\8.0.302\Extensions\Microsoft.TestPlatform.Extensions.BlameDataCollector.dll
C:\Program Files\dotnet\sdk\8.0.302\Extensions\Microsoft.TestPlatform.Extensions.EventLogCollector.dll
C:\Program Files\dotnet\sdk\8.0.302\Extensions\Microsoft.TestPlatform.TestHostRuntimeProvider.dll
C:\Program Files\dotnet\sdk\8.0.302\Extensions\Microsoft.VisualStudio.TestPlatform.Extensions.Html.TestLogger.dll
C:\Program Files\dotnet\sdk\8.0.302\Extensions\Microsoft.VisualStudio.TestPlatform.Extensions.Trx.TestLogger.dll
TpTrace Information: 0 : 45796, 1, 2024/09/29, 15:42:54.873, 33723971365166, vstest.console.dll, AssemblyResolver.AddSearchDirectories: Adding more searchDirectories C:\Program Files\dotnet\sdk\8.0.302\Extensions,C:\Program Files\dotnet\sdk\8.0.302
TpTrace Information: 0 : 45796, 1, 2024/09/29, 15:42:54.873, 33723971365846, vstest.console.dll, AssemblyResolver.AddSearchDirectories: Adding more searchDirectories C:\Program Files\dotnet\sdk\8.0.302\Extensions,C:\Program Files\dotnet\sdk\8.0.302
TpTrace Information: 0 : 45796, 1, 2024/09/29, 15:42:54.873, 33723971366420, vstest.console.dll, AssemblyResolver.AddSearchDirectories: Adding more searchDirectories C:\Program Files\dotnet\sdk\8.0.302\Extensions,C:\Program Files\dotnet\sdk\8.0.302
TpTrace Information: 0 : 45796, 1, 2024/09/29, 15:42:54.873, 33723971366991, vstest.console.dll, AssemblyResolver.AddSearchDirectories: Adding more searchDirectories C:\Program Files\dotnet\sdk\8.0.302\Extensions,C:\Program Files\dotnet\sdk\8.0.302
TpTrace Information: 0 : 45796, 1, 2024/09/29, 15:42:54.873, 33723971367547, vstest.console.dll, AssemblyResolver.AddSearchDirectories: Adding more searchDirectories C:\Program Files\dotnet\sdk\8.0.302\Extensions,C:\Program Files\dotnet\sdk\8.0.302
TpTrace Information: 0 : 45796, 1, 2024/09/29, 15:42:54.873, 33723971368341, vstest.console.dll, AssemblyResolver.AddSearchDirectories: Adding more searchDirectories C:\Program Files\dotnet\sdk\8.0.302\Extensions,C:\Program Files\dotnet\sdk\8.0.302
TpTrace Verbose: 0 : 45796, 1, 2024/09/29, 15:42:54.873, 33723971370298, vstest.console.dll, MetadataReaderExtensionsHelper: Discovering extensions inside assembly 'Microsoft.Diagnostics.NETCore.Client, Version=0.2.10.15101, Culture=neutral, PublicKeyToken=31bf3856ad364e35' file path 'C:\Program Files\dotnet\sdk\8.0.302\Extensions\Microsoft.Diagnostics.NETCore.Client.dll'
TpTrace Information: 0 : 45796, 1, 2024/09/29, 15:42:54.875, 33723971385754, vstest.console.dll, AssemblyResolver.OnResolve: Microsoft.Bcl.AsyncInterfaces: Resolving assembly.
TpTrace Information: 0 : 45796, 1, 2024/09/29, 15:42:54.875, 33723971386901, vstest.console.dll, AssemblyResolver.OnResolve: Microsoft.Bcl.AsyncInterfaces: Resolved from cache.
TpTrace Verbose: 0 : 45796, 1, 2024/09/29, 15:42:54.875, 33723971387656, vstest.console.dll, CurrentDomainAssemblyResolve: Resolving assembly 'Microsoft.Bcl.AsyncInterfaces'.
TpTrace Information: 0 : 45796, 1, 2024/09/29, 15:42:54.875, 33723971388520, vstest.console.dll, AssemblyResolver.OnResolve: Microsoft.Bcl.AsyncInterfaces: Resolving assembly.
TpTrace Information: 0 : 45796, 1, 2024/09/29, 15:42:54.875, 33723971389248, vstest.console.dll, AssemblyResolver.OnResolve: Microsoft.Bcl.AsyncInterfaces: Resolved from cache.
TpTrace Verbose: 0 : 45796, 1, 2024/09/29, 15:42:54.875, 33723971389772, vstest.console.dll, CurrentDomainAssemblyResolve: Resolving assembly 'Microsoft.Bcl.AsyncInterfaces'.
TpTrace Verbose: 0 : 45796, 1, 2024/09/29, 15:42:54.875, 33723971390270, vstest.console.dll, CurrentDomainAssemblyResolve: Failed to resolve assembly 'Microsoft.Bcl.AsyncInterfaces'.
TpTrace Verbose: 0 : 45796, 1, 2024/09/29, 15:42:54.876, 33723971392606, vstest.console.dll, CurrentDomainAssemblyResolve: Failed to resolve assembly 'Microsoft.Bcl.AsyncInterfaces'.
TpTrace Warning: 0 : 45796, 1, 2024/09/29, 15:42:54.876, 33723971398502, vstest.console.dll, TestPluginDiscoverer: Failed to get types from assembly 'Microsoft.Diagnostics.NETCore.Client, Version=0.2.10.15101, Culture=neutral, PublicKeyToken=31bf3856ad364e35'. Error: System.Reflection.ReflectionTypeLoadException: Unable to load one or more of the requested types.
Could not load file or assembly 'Microsoft.Bcl.AsyncInterfaces, Version=6.0.0.0, Culture=neutral, PublicKeyToken=cc7b13ffcd2ddd51'. El sistema no puede encontrar el archivo especificado.
   at System.Reflection.RuntimeModule.GetTypes(RuntimeModule module)
   at System.Reflection.RuntimeModule.GetTypes()
   at Microsoft.VisualStudio.TestPlatform.Common.ExtensionFramework.TestPluginDiscoverer.GetTestExtensionsFromAssembly[TPluginInfo,TExtension](Assembly assembly, Dictionary`2 pluginInfos, String filePath) in /_/src/Microsoft.TestPlatform.Common/ExtensionFramework/TestPluginDiscoverer.cs:line 158
System.IO.FileNotFoundException: Could not load file or assembly 'Microsoft.Bcl.AsyncInterfaces, Version=6.0.0.0, Culture=neutral, PublicKeyToken=cc7b13ffcd2ddd51'. El sistema no puede encontrar el archivo especificado.
File name: 'Microsoft.Bcl.AsyncInterfaces, Version=6.0.0.0, Culture=neutral, PublicKeyToken=cc7b13ffcd2ddd51'
 ---> System.IO.FileNotFoundException: Could not load file or assembly 'Microsoft.Bcl.AsyncInterfaces, Culture=neutral, PublicKeyToken=null'. El sistema no puede encontrar el archivo especificado.
File name: 'Microsoft.Bcl.AsyncInterfaces, Culture=neutral, PublicKeyToken=null'
   at System.Reflection.RuntimeAssembly.InternalLoad(AssemblyName assemblyName, StackCrawlMark& stackMark, AssemblyLoadContext assemblyLoadContext, RuntimeAssembly requestingAssembly, Boolean throwOnFileNotFound)
   at System.Reflection.Assembly.Load(AssemblyName assemblyRef)
   at Microsoft.VisualStudio.TestPlatform.Common.ExtensionFramework.TestPluginCache.CurrentDomainAssemblyResolve(Object sender, AssemblyResolveEventArgs args) in /_/src/Microsoft.TestPlatform.Common/ExtensionFramework/TestPluginCache.cs:line 513
   at System.Runtime.Loader.AssemblyLoadContext.GetFirstResolvedAssemblyFromResolvingEvent(AssemblyName assemblyName)
   at System.Runtime.Loader.AssemblyLoadContext.ResolveUsingEvent(AssemblyName assemblyName)
   at System.Runtime.Loader.AssemblyLoadContext.ResolveUsingResolvingEvent(IntPtr gchManagedAssemblyLoadContext, AssemblyName assemblyName)
TpTrace Warning: 0 : 45796, 1, 2024/09/29, 15:42:54.877, 33723971401668, vstest.console.dll, LoaderExceptions: System.IO.FileNotFoundException: Could not load file or assembly 'Microsoft.Bcl.AsyncInterfaces, Version=6.0.0.0, Culture=neutral, PublicKeyToken=cc7b13ffcd2ddd51'. El sistema no puede encontrar el archivo especificado.
File name: 'Microsoft.Bcl.AsyncInterfaces, Version=6.0.0.0, Culture=neutral, PublicKeyToken=cc7b13ffcd2ddd51'
 ---> System.IO.FileNotFoundException: Could not load file or assembly 'Microsoft.Bcl.AsyncInterfaces, Culture=neutral, PublicKeyToken=null'. El sistema no puede encontrar el archivo especificado.
File name: 'Microsoft.Bcl.AsyncInterfaces, Culture=neutral, PublicKeyToken=null'
   at System.Reflection.RuntimeAssembly.InternalLoad(AssemblyName assemblyName, StackCrawlMark& stackMark, AssemblyLoadContext assemblyLoadContext, RuntimeAssembly requestingAssembly, Boolean throwOnFileNotFound)
   at System.Reflection.Assembly.Load(AssemblyName assemblyRef)
   at Microsoft.VisualStudio.TestPlatform.Common.ExtensionFramework.TestPluginCache.CurrentDomainAssemblyResolve(Object sender, AssemblyResolveEventArgs args) in /_/src/Microsoft.TestPlatform.Common/ExtensionFramework/TestPluginCache.cs:line 513
   at System.Runtime.Loader.AssemblyLoadContext.GetFirstResolvedAssemblyFromResolvingEvent(AssemblyName assemblyName)
   at System.Runtime.Loader.AssemblyLoadContext.ResolveUsingEvent(AssemblyName assemblyName)
   at System.Runtime.Loader.AssemblyLoadContext.ResolveUsingResolvingEvent(IntPtr gchManagedAssemblyLoadContext, AssemblyName assemblyName)
TpTrace Verbose: 0 : 45796, 1, 2024/09/29, 15:42:54.877, 33723971403401, vstest.console.dll, MetadataReaderExtensionsHelper: Discovering extensions inside assembly 'Microsoft.TestPlatform.Extensions.BlameDataCollector, Version=15.0.0.0, Culture=neutral, PublicKeyToken=b03f5f7f11d50a3a' file path 'C:\Program Files\dotnet\sdk\8.0.302\Extensions\Microsoft.TestPlatform.Extensions.BlameDataCollector.dll'
TpTrace Information: 0 : 45796, 1, 2024/09/29, 15:42:54.878, 33723971412392, vstest.console.dll, GetTestExtensionFromType: Register extension with identifier data 'logger://Microsoft/TestPlatform/Extensions/Blame/v1' and type 'Microsoft.TestPlatform.Extensions.BlameDataCollector.BlameLogger, Microsoft.TestPlatform.Extensions.BlameDataCollector, Version=15.0.0.0, Culture=neutral, PublicKeyToken=b03f5f7f11d50a3a' inside file 'C:\Program Files\dotnet\sdk\8.0.302\Extensions\Microsoft.TestPlatform.Extensions.BlameDataCollector.dll'
TpTrace Verbose: 0 : 45796, 1, 2024/09/29, 15:42:54.878, 33723971413588, vstest.console.dll, MetadataReaderExtensionsHelper: Discovering extensions inside assembly 'Microsoft.TestPlatform.Extensions.EventLogCollector, Version=15.0.0.0, Culture=neutral, PublicKeyToken=b03f5f7f11d50a3a' file path 'C:\Program Files\dotnet\sdk\8.0.302\Extensions\Microsoft.TestPlatform.Extensions.EventLogCollector.dll'
TpTrace Verbose: 0 : 45796, 1, 2024/09/29, 15:42:54.878, 33723971419832, vstest.console.dll, MetadataReaderExtensionsHelper: Discovering extensions inside assembly 'Microsoft.TestPlatform.TestHostRuntimeProvider, Version=15.0.0.0, Culture=neutral, PublicKeyToken=b03f5f7f11d50a3a' file path 'C:\Program Files\dotnet\sdk\8.0.302\Extensions\Microsoft.TestPlatform.TestHostRuntimeProvider.dll'
TpTrace Verbose: 0 : 45796, 1, 2024/09/29, 15:42:54.879, 33723971426172, vstest.console.dll, MetadataReaderExtensionsHelper: Discovering extensions inside assembly 'Microsoft.VisualStudio.TestPlatform.Extensions.Html.TestLogger, Version=15.0.0.0, Culture=neutral, PublicKeyToken=b03f5f7f11d50a3a' file path 'C:\Program Files\dotnet\sdk\8.0.302\Extensions\Microsoft.VisualStudio.TestPlatform.Extensions.Html.TestLogger.dll'
TpTrace Information: 0 : 45796, 1, 2024/09/29, 15:42:54.880, 33723971437299, vstest.console.dll, GetTestExtensionFromType: Register extension with identifier data 'logger://Microsoft/TestPlatform/HtmlLogger/v1' and type 'Microsoft.VisualStudio.TestPlatform.Extensions.HtmlLogger.HtmlLogger, Microsoft.VisualStudio.TestPlatform.Extensions.Html.TestLogger, Version=15.0.0.0, Culture=neutral, PublicKeyToken=b03f5f7f11d50a3a' inside file 'C:\Program Files\dotnet\sdk\8.0.302\Extensions\Microsoft.VisualStudio.TestPlatform.Extensions.Html.TestLogger.dll'
TpTrace Verbose: 0 : 45796, 1, 2024/09/29, 15:42:54.880, 33723971438572, vstest.console.dll, MetadataReaderExtensionsHelper: Discovering extensions inside assembly 'Microsoft.VisualStudio.TestPlatform.Extensions.Trx.TestLogger, Version=15.0.0.0, Culture=neutral, PublicKeyToken=b03f5f7f11d50a3a' file path 'C:\Program Files\dotnet\sdk\8.0.302\Extensions\Microsoft.VisualStudio.TestPlatform.Extensions.Trx.TestLogger.dll'
TpTrace Information: 0 : 45796, 1, 2024/09/29, 15:42:54.881, 33723971445205, vstest.console.dll, GetTestExtensionFromType: Register extension with identifier data 'logger://Microsoft/TestPlatform/TrxLogger/v1' and type 'Microsoft.VisualStudio.TestPlatform.Extensions.TrxLogger.TrxLogger, Microsoft.VisualStudio.TestPlatform.Extensions.Trx.TestLogger, Version=15.0.0.0, Culture=neutral, PublicKeyToken=b03f5f7f11d50a3a' inside file 'C:\Program Files\dotnet\sdk\8.0.302\Extensions\Microsoft.VisualStudio.TestPlatform.Extensions.Trx.TestLogger.dll'
TpTrace Verbose: 0 : 45796, 1, 2024/09/29, 15:42:54.881, 33723971446480, vstest.console.dll, TestPluginCache: Discovered the extensions using extension path ''.
TpTrace Verbose: 0 : 45796, 1, 2024/09/29, 15:42:54.881, 33723971446978, vstest.console.dll, TestPluginCache: Discoverers are ''.
TpTrace Verbose: 0 : 45796, 1, 2024/09/29, 15:42:54.881, 33723971447365, vstest.console.dll, TestPluginCache: Executors are ''.
TpTrace Verbose: 0 : 45796, 1, 2024/09/29, 15:42:54.881, 33723971447746, vstest.console.dll, TestPluginCache: Executors2 are ''.
TpTrace Verbose: 0 : 45796, 1, 2024/09/29, 15:42:54.881, 33723971448118, vstest.console.dll, TestPluginCache: Setting providers are ''.
TpTrace Verbose: 0 : 45796, 1, 2024/09/29, 15:42:54.881, 33723971449167, vstest.console.dll, TestPluginCache: Loggers are 'logger://Microsoft/TestPlatform/Extensions/Blame/v1,logger://Microsoft/TestPlatform/HtmlLogger/v1,logger://Microsoft/TestPlatform/TrxLogger/v1'.
TpTrace Verbose: 0 : 45796, 1, 2024/09/29, 15:42:54.881, 33723971449698, vstest.console.dll, TestPluginCache: TestHosts are 'HostProvider://DefaultTestHost,HostProvider://DotnetTestHost'.
TpTrace Verbose: 0 : 45796, 1, 2024/09/29, 15:42:54.881, 33723971450093, vstest.console.dll, TestPluginCache: DataCollectors are ''.
TpTrace Information: 0 : 45796, 1, 2024/09/29, 15:42:54.883, 33723971464999, vstest.console.dll, TestPluginManager.CreateTestExtension: Attempting to load test extension: Microsoft.TestPlatform.Extensions.BlameDataCollector.BlameLogger
TpTrace Verbose: 0 : 45796, 1, 2024/09/29, 15:42:54.931, 33723971950304, vstest.console.dll, TestEngine: Initializing Parallel Execution as MaxCpuCount is set to: 1
TpTrace Information: 0 : 45796, 1, 2024/09/29, 15:42:54.934, 33723971977582, vstest.console.dll, TestPluginManager.CreateTestExtension: Attempting to load test extension: Microsoft.VisualStudio.TestPlatform.CrossPlatEngine.Hosting.DefaultTestHostManager
TpTrace Information: 0 : 45796, 1, 2024/09/29, 15:42:54.977, 33723972401738, vstest.console.dll, TestPluginManager.CreateTestExtension: Attempting to load test extension: Microsoft.VisualStudio.TestPlatform.CrossPlatEngine.Hosting.DotnetTestHostManager
TpTrace Information: 0 : 45796, 1, 2024/09/29, 15:42:54.978, 33723972417335, vstest.console.dll, InferRunSettingsHelper.IsTestSettingsEnabled: Unable to navigate to RunSettings/MSTest. Current node: RunSettings
TpTrace Verbose: 0 : 45796, 1, 2024/09/29, 15:42:54.979, 33723972429669, vstest.console.dll, ParallelOperationManager.ClearSlots: Clearing all slots. Slots should accept more work: True
TpTrace Verbose: 0 : 45796, 1, 2024/09/29, 15:42:54.988, 33723972518103, vstest.console.dll, ParallelOperationManager.SetOccupiedSlotCount: Setting slot counts AvailableSlotCount = 1, OccupiedSlotCount = 0.
TpTrace Verbose: 0 : 45796, 1, 2024/09/29, 15:42:54.989, 33723972530324, vstest.console.dll, Occupied slots:

TpTrace Verbose: 0 : 45796, 1, 2024/09/29, 15:42:54.996, 33723972597245, vstest.console.dll, TestEngine.GetExecutionManager: Chosen execution manager 'Microsoft.VisualStudio.TestPlatform.CrossPlatEngine.Client.Parallel.ParallelProxyExecutionManager, Microsoft.TestPlatform.CrossPlatEngine, Version=15.0.0.0, Culture=neutral, PublicKeyToken=b03f5f7f11d50a3a' ParallelLevel '1'.
TpTrace Verbose: 0 : 45796, 1, 2024/09/29, 15:42:54.996, 33723972600307, vstest.console.dll, TestRunRequest.ExecuteAsync: Creating test run request.
TpTrace Verbose: 0 : 45796, 1, 2024/09/29, 15:42:54.997, 33723972605627, vstest.console.dll, TestRunRequest.ExecuteAsync: Starting.
TpTrace Information: 0 : 45796, 1, 2024/09/29, 15:42:54.999, 33723972626994, vstest.console.dll, TestRunRequest.ExecuteAsync: Starting run with settings:TestRunCriteria:
   KeepAlive=False,FrequencyOfRunStatsChangeEvent=10,RunStatsChangeEventTimeout=00:00:01.5000000,TestCaseFilter=,TestExecutorLauncher=
   Settingsxml=<RunSettings>
  <RunConfiguration>
    <ResultsDirectory>C:\Users\orti803786\OneDrive - SIIGO SAS\Documentos\ASIGNACIONES\Proyecto.Net8_Angular\TaskManagementService\TaskManagement.Api.Test\bin\Debug\net8.0\fine-code-coverage\coverage-tool-output</ResultsDirectory>
    <TargetPlatform>X64</TargetPlatform>
    <TargetFrameworkVersion>.NETCoreApp,Version=v8.0</TargetFrameworkVersion>
    <DesignMode>False</DesignMode>
    <CollectSourceInformation>False</CollectSourceInformation>
  </RunConfiguration>
  <LoggerRunSettings>
    <Loggers>
      <Logger friendlyName="blame" enabled="True" />
      <Logger friendlyName="Console" uri="logger://microsoft/TestPlatform/ConsoleLogger/v1" assemblyQualifiedName="Microsoft.VisualStudio.TestPlatform.CommandLine.Internal.ConsoleLogger, vstest.console, Version=15.0.0.0, Culture=neutral, PublicKeyToken=b03f5f7f11d50a3a" codeBase="C:\Program Files\dotnet\sdk\8.0.302\vstest.console.dll" enabled="True" />
    </Loggers>
  </LoggerRunSettings>
  <DataCollectionRunSettings>
    <DataCollectors>
      <DataCollector friendlyName="blame" enabled="True">
        <Configuration>
          <ResultsDirectory>C:\Users\orti803786\OneDrive - SIIGO SAS\Documentos\ASIGNACIONES\Proyecto.Net8_Angular\TaskManagementService\TaskManagement.Api.Test\bin\Debug\net8.0\fine-code-coverage\coverage-tool-output</ResultsDirectory>
        </Configuration>
      </DataCollector>
    </DataCollectors>
  </DataCollectionRunSettings>
</RunSettings>

TpTrace Verbose: 0 : 45796, 1, 2024/09/29, 15:42:54.999, 33723972628448, vstest.console.dll, TestRunRequest.ExecuteAsync: Wait for the first run request is over.
TpTrace Verbose: 0 : 45796, 1, 2024/09/29, 15:42:55.000, 33723972633748, vstest.console.dll, MulticastDelegateUtilities.SafeInvoke: TestRun.TestRunStart: Invoking callbacks was skipped because there are no subscribers.
TpTrace Verbose: 0 : 45796, 4, 2024/09/29, 15:42:55.000, 33723972636752, vstest.console.dll, MulticastDelegateUtilities.SafeInvoke: InternalTestLoggerEvents.SendTestRunStart: Invoking callback 1/1 for Microsoft.VisualStudio.TestPlatform.CommandLine.Internal.ConsoleLogger., took 0 ms.
TpTrace Verbose: 0 : 45796, 1, 2024/09/29, 15:42:55.002, 33723972651265, vstest.console.dll, ParallelProxyExecutionManager: Start execution. Total sources: 1
TpTrace Verbose: 0 : 45796, 1, 2024/09/29, 15:42:55.002, 33723972657280, vstest.console.dll, ParallelOperationManager.StartWork: Starting adding 1 workloads.
TpTrace Verbose: 0 : 45796, 1, 2024/09/29, 15:42:55.002, 33723972658539, vstest.console.dll, ParallelOperationManager.ClearSlots: Clearing all slots. Slots should accept more work: True
TpTrace Verbose: 0 : 45796, 1, 2024/09/29, 15:42:55.002, 33723972659741, vstest.console.dll, ParallelOperationManager.SetOccupiedSlotCount: Setting slot counts AvailableSlotCount = 1, OccupiedSlotCount = 0.
TpTrace Verbose: 0 : 45796, 1, 2024/09/29, 15:42:55.002, 33723972660423, vstest.console.dll, Occupied slots:

TpTrace Verbose: 0 : 45796, 1, 2024/09/29, 15:42:55.011, 33723972744690, vstest.console.dll, TestRequestSender is acting as server.
TpTrace Verbose: 0 : 45796, 1, 2024/09/29, 15:42:55.015, 33723972786228, vstest.console.dll, ParallelOperationManager.RunWorkInParallel: Adding 1 workload to slot, remaining workloads 0.
TpTrace Verbose: 0 : 45796, 1, 2024/09/29, 15:42:55.015, 33723972787759, vstest.console.dll, ParallelOperationManager.SetOccupiedSlotCount: Setting slot counts AvailableSlotCount = 0, OccupiedSlotCount = 1.
TpTrace Verbose: 0 : 45796, 1, 2024/09/29, 15:42:55.015, 33723972789449, vstest.console.dll, Occupied slots:
0: C:\Users\orti803786\OneDrive - SIIGO SAS\Documentos\ASIGNACIONES\Proyecto.Net8_Angular\TaskManagementService\TaskManagement.Api.Test\bin\Debug\net8.0\fine-code-coverage\build-output\TaskManagement.Api.Test.dll
TpTrace Verbose: 0 : 45796, 1, 2024/09/29, 15:42:55.017, 33723972808715, vstest.console.dll, ParallelOperationManager.RunWorkInParallel: Started host in slot number 0 for work (source): C:\Users\orti803786\OneDrive - SIIGO SAS\Documentos\ASIGNACIONES\Proyecto.Net8_Angular\TaskManagementService\TaskManagement.Api.Test\bin\Debug\net8.0\fine-code-coverage\build-output\TaskManagement.Api.Test.dll.
TpTrace Verbose: 0 : 45796, 1, 2024/09/29, 15:42:55.391, 33723976550646, vstest.console.dll, ParallelOperationManager.RunWorkInParallel: We started 1 work items, which is the max parallel level. Won't start more work.
TpTrace Verbose: 0 : 45796, 1, 2024/09/29, 15:42:55.392, 33723976552648, vstest.console.dll, ParallelOperationManager.RunWorkInParallel: We started 1 work items in here, returning True.
TpTrace Information: 0 : 45796, 1, 2024/09/29, 15:42:55.392, 33723976553561, vstest.console.dll, TestRunRequest.ExecuteAsync: Started.
TpTrace Verbose: 0 : 45796, 1, 2024/09/29, 15:42:55.393, 33723976564300, vstest.console.dll, TestRunRequest.WaitForCompletion: Waiting with timeout -1.
TpTrace Verbose: 0 : 45796, 5, 2024/09/29, 15:42:55.495, 33723977586680, vstest.console.dll, ParallelProxyExecutionManager.StartTestRunOnConcurrentManager: Initializing uninitialized client. Started clients: 0
TpTrace Verbose: 0 : 45796, 5, 2024/09/29, 15:42:55.496, 33723977590938, vstest.console.dll, DataCollectionRequestSender.InitializeCommunication : Initialize communication. 
TpTrace Information: 0 : 45796, 5, 2024/09/29, 15:42:55.520, 33723977831960, vstest.console.dll, Listening on Endpoint : 127.0.0.1:64125
TpTrace Verbose: 0 : 45796, 5, 2024/09/29, 15:42:55.653, 33723979163083, vstest.console.dll, DotnetDataCollectionLauncher: Adding  --runtimeconfig "C:\Program Files\dotnet\sdk\8.0.302\datacollector.runtimeconfig.json" in args
TpTrace Verbose: 0 : 45796, 5, 2024/09/29, 15:42:55.656, 33723979194296, vstest.console.dll, DotnetDataCollectionLauncher: Adding  --depsfile "C:\Program Files\dotnet\sdk\8.0.302\datacollector.deps.json" in args
TpTrace Verbose: 0 : 45796, 5, 2024/09/29, 15:42:55.656, 33723979198037, vstest.console.dll, DotnetDataCollectionLauncher: Full path of dotnet.exe is C:\Program Files\dotnet\dotnet.exe
TpTrace Information: 0 : 45796, 5, 2024/09/29, 15:42:55.976, 33723982397667, vstest.console.dll, ProxyDataCollectionManager.Initialize: Launched datacollector processId: 17752 port: 64125
TpTrace Information: 0 : 45796, 5, 2024/09/29, 15:42:55.976, 33723982400017, vstest.console.dll, ProxyDataCollectionManager.Initialize: waiting for connection with timeout: 90 seconds
TpTrace Verbose: 0 : 45796, 5, 2024/09/29, 15:42:55.977, 33723982400910, vstest.console.dll, DataCollectionRequestSender.WaitForRequestHandlerConnection : Waiting for connection with timeout: 90000
TpTrace Verbose: 0 : 45796, 5, 2024/09/29, 15:42:58.676, 33724009395239, vstest.console.dll, SocketCommunicationManager.WaitForClientConnection took: 2699 ms, with 90000 ms timeout, and finished with True.
TpTrace Information: 0 : 45796, 10, 2024/09/29, 15:42:58.676, 33724009395148, vstest.console.dll, Using the buffer size of 16384 bytes
TpTrace Information: 0 : 45796, 10, 2024/09/29, 15:42:58.676, 33724009399829, vstest.console.dll, Accepted Client request and set the flag
TpTrace Verbose: 0 : 45796, 5, 2024/09/29, 15:42:58.676, 33724009399269, vstest.console.dll, ProxyDataCollectionManager.InvokeDataCollectionServiceAction: Starting.
TpTrace Information: 0 : 45796, 5, 2024/09/29, 15:42:58.682, 33724009454663, vstest.console.dll, ProxyDataCollectionManager.BeforeTestRunStart: Get environment variable and port for datacollector processId: 17752 port: 64125
TpTrace Verbose: 0 : 45796, 5, 2024/09/29, 15:42:58.682, 33724009457501, vstest.console.dll, DataCollectionRequestSender.SendBeforeTestRunStartAndGetResult: Send BeforeTestRunStart message with settingsXml <RunSettings><RunConfiguration><ResultsDirectory>C:\Users\orti803786\OneDrive - SIIGO SAS\Documentos\ASIGNACIONES\Proyecto.Net8_Angular\TaskManagementService\TaskManagement.Api.Test\bin\Debug\net8.0\fine-code-coverage\coverage-tool-output</ResultsDirectory><TargetPlatform>X64</TargetPlatform><TargetFrameworkVersion>.NETCoreApp,Version=v8.0</TargetFrameworkVersion><DesignMode>False</DesignMode><CollectSourceInformation>False</CollectSourceInformation><TestAdaptersPaths>C:\Program Files\dotnet\sdk\8.0.302\Extensions</TestAdaptersPaths></RunConfiguration><LoggerRunSettings><Loggers><Logger friendlyName="blame" enabled="True" /><Logger friendlyName="Console" uri="logger://microsoft/TestPlatform/ConsoleLogger/v1" assemblyQualifiedName="Microsoft.VisualStudio.TestPlatform.CommandLine.Internal.ConsoleLogger, vstest.console, Version=15.0.0.0, Culture=neutral, PublicKeyToken=b03f5f7f11d50a3a" codeBase="C:\Program Files\dotnet\sdk\8.0.302\vstest.console.dll" enabled="True" /></Loggers></LoggerRunSettings><DataCollectionRunSettings><DataCollectors><DataCollector friendlyName="blame" enabled="True"><Configuration><ResultsDirectory>C:\Users\orti803786\OneDrive - SIIGO SAS\Documentos\ASIGNACIONES\Proyecto.Net8_Angular\TaskManagementService\TaskManagement.Api.Test\bin\Debug\net8.0\fine-code-coverage\coverage-tool-output</ResultsDirectory></Configuration></DataCollector></DataCollectors></DataCollectionRunSettings></RunSettings> and sources System.Collections.Generic.List`1[System.String]: 
TpTrace Verbose: 0 : 45796, 5, 2024/09/29, 15:42:59.719, 33724019821377, vstest.console.dll, DataCollectionRequestSender.SendBeforeTestRunStartAndGetResult: Received message: (DataCollection.SendMessage) -> {"MessageType":"DataCollection.SendMessage","Payload":{"FriendlyName":null,"Uri":null,"TestCaseId":"00000000-0000-0000-0000-000000000000","Message":"Logging DataCollector Diagnostics in file: C:\\Users\\orti803786\\OneDrive - SIIGO SAS\\Documentos\\ASIGNACIONES\\Proyecto.Net8_Angular\\TaskManagementService\\TaskManagement.Api.Test\\bin\\Debug\\net8.0\\fine-code-coverage\\coverage-tool-output\\diagnostics.datacollector.24-09-29_15-42-55_64676_5.log","Level":0}}
TpTrace Verbose: 0 : 45796, 5, 2024/09/29, 15:42:59.984, 33724022472220, vstest.console.dll, DataCollectionRequestSender.SendBeforeTestRunStartAndGetResult: Received message: (DataCollection.BeforeTestRunStartResult) -> {"MessageType":"DataCollection.BeforeTestRunStartResult","Payload":{"EnvironmentVariables":{},"DataCollectionEventsPort":64133}}
TpTrace Information: 0 : 45796, 5, 2024/09/29, 15:42:59.991, 33724022542966, vstest.console.dll, ProxyDataCollectionManager.BeforeTestRunStart: SendBeforeTestRunStartAndGetResult successful, env variable from datacollector:   and testhost port: 64133
TpTrace Information: 0 : 45796, 5, 2024/09/29, 15:42:59.991, 33724022544743, vstest.console.dll, ProxyDataCollectionManager.InvokeDataCollectionServiceAction: Completed.
TpTrace Verbose: 0 : 45796, 5, 2024/09/29, 15:42:59.991, 33724022545291, vstest.console.dll, ParallelProxyExecutionManager.StartTestRunOnConcurrentManager: Initializing test run. Started clients: 0
TpTrace Verbose: 0 : 45796, 5, 2024/09/29, 15:42:59.991, 33724022546594, vstest.console.dll, ProxyExecutionManager: Test host is always Lazy initialize.
TpTrace Verbose: 0 : 45796, 5, 2024/09/29, 15:42:59.991, 33724022549756, vstest.console.dll, TestRequestSender.InitializeCommunication: initialize communication. 
TpTrace Information: 0 : 45796, 5, 2024/09/29, 15:42:59.993, 33724022567368, vstest.console.dll, SocketServer.Start: Listening on endpoint : 127.0.0.1:64134
TpTrace Verbose: 0 : 45796, 5, 2024/09/29, 15:42:59.995, 33724022584580, vstest.console.dll, DotnetTestHostmanager.GetTestHostProcessStartInfo: Platform environment 'X64' target architecture 'X64' framework '.NETCoreApp,Version=v8.0' OS 'Windows'
TpTrace Verbose: 0 : 45796, 5, 2024/09/29, 15:42:59.996, 33724022591143, vstest.console.dll, DotnetTestHostmanager: Adding  --runtimeconfig "C:\Users\orti803786\OneDrive - SIIGO SAS\Documentos\ASIGNACIONES\Proyecto.Net8_Angular\TaskManagementService\TaskManagement.Api.Test\bin\Debug\net8.0\fine-code-coverage\build-output\TaskManagement.Api.Test.runtimeconfig.json" in args
TpTrace Verbose: 0 : 45796, 5, 2024/09/29, 15:42:59.996, 33724022593282, vstest.console.dll, DotnetTestHostmanager: Adding  --depsfile "C:\Users\orti803786\OneDrive - SIIGO SAS\Documentos\ASIGNACIONES\Proyecto.Net8_Angular\TaskManagementService\TaskManagement.Api.Test\bin\Debug\net8.0\fine-code-coverage\build-output\TaskManagement.Api.Test.deps.json" in args
TpTrace Verbose: 0 : 45796, 5, 2024/09/29, 15:42:59.996, 33724022598710, vstest.console.dll, DotnetTestHostmanager.IsWinOnArm: Current PROCESSOR_ARCHITECTURE from environment variable 'AMD64'
TpTrace Verbose: 0 : 45796, 5, 2024/09/29, 15:42:59.996, 33724022599664, vstest.console.dll, DotnetTestHostmanager.IsWinOnArm: Is Windows on ARM 'False'
TpTrace Verbose: 0 : 45796, 5, 2024/09/29, 15:42:59.997, 33724022601560, vstest.console.dll, DotnetTestHostManager: testhost.exe found at path: C:\Users\orti803786\OneDrive - SIIGO SAS\Documentos\ASIGNACIONES\Proyecto.Net8_Angular\TaskManagementService\TaskManagement.Api.Test\bin\Debug\net8.0\fine-code-coverage\build-output\testhost.exe
TpTrace Verbose: 0 : 45796, 5, 2024/09/29, 15:42:59.997, 33724022602182, vstest.console.dll, DotnetTestHostmanager: Full path of host exe is C:\Users\orti803786\OneDrive - SIIGO SAS\Documentos\ASIGNACIONES\Proyecto.Net8_Angular\TaskManagementService\TaskManagement.Api.Test\bin\Debug\net8.0\fine-code-coverage\build-output\testhost.exe
TpTrace Verbose: 0 : 45796, 5, 2024/09/29, 15:42:59.997, 33724022604729, vstest.console.dll, DotnetTestHostmanager.LaunchTestHostAsync: Found 'VSTEST_WINAPPHOST_DOTNET_ROOT' in env variables, value 'C:\Program Files\dotnet', forwarding to 'DOTNET_ROOT'
TpTrace Verbose: 0 : 45796, 5, 2024/09/29, 15:42:59.997, 33724022607064, vstest.console.dll, DotnetTestHostManager: Starting process 'C:\Users\orti803786\OneDrive - SIIGO SAS\Documentos\ASIGNACIONES\Proyecto.Net8_Angular\TaskManagementService\TaskManagement.Api.Test\bin\Debug\net8.0\fine-code-coverage\build-output\testhost.exe' with command line ' --runtimeconfig "C:\Users\orti803786\OneDrive - SIIGO SAS\Documentos\ASIGNACIONES\Proyecto.Net8_Angular\TaskManagementService\TaskManagement.Api.Test\bin\Debug\net8.0\fine-code-coverage\build-output\TaskManagement.Api.Test.runtimeconfig.json" --depsfile "C:\Users\orti803786\OneDrive - SIIGO SAS\Documentos\ASIGNACIONES\Proyecto.Net8_Angular\TaskManagementService\TaskManagement.Api.Test\bin\Debug\net8.0\fine-code-coverage\build-output\TaskManagement.Api.Test.deps.json" --port 64134 --endpoint 127.0.0.1:064134 --role client --parentprocessid 45796 --diag "C:\Users\orti803786\OneDrive - SIIGO SAS\Documentos\ASIGNACIONES\Proyecto.Net8_Angular\TaskManagementService\TaskManagement.Api.Test\bin\Debug\net8.0\fine-code-coverage\coverage-tool-output\diagnostics.host.24-09-29_15-42-59_99441_5.log" --tracelevel 4 --datacollectionport 64133 --telemetryoptedin false'
TpTrace Verbose: 0 : 45796, 5, 2024/09/29, 15:43:00.622, 33724028859980, vstest.console.dll, MulticastDelegateUtilities.SafeInvoke: HostProviderEvents.OnHostLaunched: Invoking callback 1/2 for Microsoft.VisualStudio.TestPlatform.CrossPlatEngine.Client.ProxyExecutionManagerWithDataCollection., took 2 ms.
TpTrace Verbose: 0 : 45796, 5, 2024/09/29, 15:43:00.623, 33724028864084, vstest.console.dll, Test Runtime launched
TpTrace Verbose: 0 : 45796, 5, 2024/09/29, 15:43:00.623, 33724028864923, vstest.console.dll, MulticastDelegateUtilities.SafeInvoke: HostProviderEvents.OnHostLaunched: Invoking callback 2/2 for Microsoft.VisualStudio.TestPlatform.CrossPlatEngine.Client.ProxyOperationManager., took 0 ms.
TpTrace Verbose: 0 : 45796, 5, 2024/09/29, 15:43:00.623, 33724028866848, vstest.console.dll, TestRequestSender.WaitForRequestHandlerConnection: waiting for connection with timeout: 90000.
TpTrace Verbose: 0 : 45796, 11, 2024/09/29, 15:43:01.978, 33724042420514, vstest.console.dll, MulticastDelegateUtilities.SafeInvoke: SocketServer: ClientConnected: Invoking callback 1/1 for Microsoft.VisualStudio.TestPlatform.CommunicationUtilities.TestRequestSender., took 0 ms.
TpTrace Verbose: 0 : 45796, 5, 2024/09/29, 15:43:01.978, 33724042420631, vstest.console.dll, TestRequestSender.WaitForRequestHandlerConnection: waiting took 1355 ms, with timeout 90000 ms, and result 0, which is success.
TpTrace Verbose: 0 : 45796, 11, 2024/09/29, 15:43:01.979, 33724042421905, vstest.console.dll, SocketServer.OnClientConnected: Client connected for endPoint: 127.0.0.1:64134, starting MessageLoopAsync:
TpTrace Verbose: 0 : 45796, 11, 2024/09/29, 15:43:01.979, 33724042429567, vstest.console.dll, TcpClientExtensions.MessageLoopAsync: Polling on remoteEndPoint: 127.0.0.1:64135 localEndPoint: 127.0.0.1:64134 after 0 ms
TpTrace Verbose: 0 : 45796, 5, 2024/09/29, 15:43:01.980, 33724042436821, vstest.console.dll, TestRequestSender.CheckVersionWithTestHost: Sending check version message: {"MessageType":"ProtocolVersion","Payload":7}
TpTrace Verbose: 0 : 45796, 11, 2024/09/29, 15:43:02.264, 33724045273888, vstest.console.dll, TcpClientExtensions.MessageLoopAsync: NotifyDataAvailable remoteEndPoint: 127.0.0.1:64135 localEndPoint: 127.0.0.1:64134
TpTrace Verbose: 0 : 45796, 11, 2024/09/29, 15:43:02.264, 33724045278098, vstest.console.dll, TestRequestSender.CheckVersionWithTestHost: onMessageReceived received message: (ProtocolVersion) -> {"MessageType":"ProtocolVersion","Payload":7}
TpTrace Verbose: 0 : 45796, 11, 2024/09/29, 15:43:02.265, 33724045289083, vstest.console.dll, MulticastDelegateUtilities.SafeInvoke: LengthPrefixCommunicationChannel: MessageReceived: Invoking callback 1/1 for Microsoft.VisualStudio.TestPlatform.CommunicationUtilities.TestRequestSender+<>c__DisplayClass29_0., took 1 ms.
TpTrace Verbose: 0 : 45796, 11, 2024/09/29, 15:43:02.265, 33724045290331, vstest.console.dll, TcpClientExtensions.MessageLoopAsync: Polling on remoteEndPoint: 127.0.0.1:64135 localEndPoint: 127.0.0.1:64134 after 285 ms
TpTrace Verbose: 0 : 45796, 5, 2024/09/29, 15:43:02.266, 33724045291909, vstest.console.dll, TestPluginCache.GetExtensionPaths: Filtered extension paths: 
TpTrace Verbose: 0 : 45796, 5, 2024/09/29, 15:43:02.266, 33724045293545, vstest.console.dll, TestPluginCache.GetExtensionPaths: Added default extension paths: C:\Program Files\dotnet\sdk\8.0.302\Extensions\Microsoft.Diagnostics.NETCore.Client.dll
C:\Program Files\dotnet\sdk\8.0.302\Extensions\Microsoft.TestPlatform.Extensions.BlameDataCollector.dll
C:\Program Files\dotnet\sdk\8.0.302\Extensions\Microsoft.TestPlatform.Extensions.EventLogCollector.dll
C:\Program Files\dotnet\sdk\8.0.302\Extensions\Microsoft.TestPlatform.TestHostRuntimeProvider.dll
C:\Program Files\dotnet\sdk\8.0.302\Extensions\Microsoft.VisualStudio.TestPlatform.Extensions.Html.TestLogger.dll
C:\Program Files\dotnet\sdk\8.0.302\Extensions\Microsoft.VisualStudio.TestPlatform.Extensions.Trx.TestLogger.dll
TpTrace Verbose: 0 : 45796, 5, 2024/09/29, 15:43:02.266, 33724045294327, vstest.console.dll, TestPluginCache.GetExtensionPaths: Added unfilterableExtensionPaths: 
TpTrace Verbose: 0 : 45796, 5, 2024/09/29, 15:43:02.272, 33724045351810, vstest.console.dll, TestRequestSender.InitializeExecution: Sending initialize execution with message: {"Version":7,"MessageType":"TestExecution.Initialize","Payload":["C:\\Users\\orti803786\\OneDrive - SIIGO SAS\\Documentos\\ASIGNACIONES\\Proyecto.Net8_Angular\\TaskManagementService\\TaskManagement.Api.Test\\bin\\Debug\\net8.0\\fine-code-coverage\\build-output\\xunit.runner.visualstudio.dotnetcore.testadapter.dll"]}
TpTrace Verbose: 0 : 45796, 5, 2024/09/29, 15:43:02.272, 33724045355797, vstest.console.dll, ParallelProxyExecutionManager.StartTestRunOnConcurrentManager: Execution starting. Started clients: 1
TpTrace Verbose: 0 : 45796, 5, 2024/09/29, 15:43:02.273, 33724045369086, vstest.console.dll, TestRunRequest:SendTestRunMessage: Starting.
TpTrace Verbose: 0 : 45796, 5, 2024/09/29, 15:43:02.274, 33724045371511, vstest.console.dll, MulticastDelegateUtilities.SafeInvoke: TestRun.LogMessages: Invoking callback 1/1 for Microsoft.VisualStudio.TestPlatform.CommandLine.TestRunResultAggregator., took 0 ms.
TpTrace Information: 0 : 45796, 5, 2024/09/29, 15:43:02.274, 33724045372095, vstest.console.dll, TestRunRequest:SendTestRunMessage: Completed.
TpTrace Verbose: 0 : 45796, 4, 2024/09/29, 15:43:02.274, 33724045374155, vstest.console.dll, MulticastDelegateUtilities.SafeInvoke: InternalTestLoggerEvents.SendTestRunMessage: Invoking callback 1/1 for Microsoft.VisualStudio.TestPlatform.CommandLine.Internal.ConsoleLogger., took 0 ms.
TpTrace Warning: 0 : 45796, 5, 2024/09/29, 15:43:02.275, 33724045381637, vstest.console.dll, InferRunSettingsHelper.MakeRunsettingsCompatible: Removing the following settings: TargetPlatform from RunSettings file. To use those settings please move to latest version of Microsoft.NET.Test.Sdk
TpTrace Verbose: 0 : 45796, 11, 2024/09/29, 15:43:02.277, 33724045410594, vstest.console.dll, TcpClientExtensions.MessageLoopAsync: NotifyDataAvailable remoteEndPoint: 127.0.0.1:64135 localEndPoint: 127.0.0.1:64134
TpTrace Verbose: 0 : 45796, 11, 2024/09/29, 15:43:02.278, 33724045414909, vstest.console.dll, TestRequestSender.OnExecutionMessageReceived: Received message: {"Version":7,"MessageType":"TestSession.Message","Payload":{"MessageLevel":0,"Message":"Registrando diagnstico de TestHost en el archivo: C:\\Users\\orti803786\\OneDrive - SIIGO SAS\\Documentos\\ASIGNACIONES\\Proyecto.Net8_Angular\\TaskManagementService\\TaskManagement.Api.Test\\bin\\Debug\\net8.0\\fine-code-coverage\\coverage-tool-output\\diagnostics.host.24-09-29_15-42-59_99441_5.log"}}
TpTrace Verbose: 0 : 45796, 11, 2024/09/29, 15:43:02.282, 33724045452443, vstest.console.dll, TestRunRequest:SendTestRunMessage: Starting.
TpTrace Verbose: 0 : 45796, 11, 2024/09/29, 15:43:02.282, 33724045454524, vstest.console.dll, MulticastDelegateUtilities.SafeInvoke: TestRun.LogMessages: Invoking callback 1/1 for Microsoft.VisualStudio.TestPlatform.CommandLine.TestRunResultAggregator., took 0 ms.
TpTrace Information: 0 : 45796, 11, 2024/09/29, 15:43:02.282, 33724045455017, vstest.console.dll, TestRunRequest:SendTestRunMessage: Completed.
TpTrace Verbose: 0 : 45796, 11, 2024/09/29, 15:43:02.282, 33724045455465, vstest.console.dll, MulticastDelegateUtilities.SafeInvoke: LengthPrefixCommunicationChannel: MessageReceived: Invoking callback 1/1 for Microsoft.VisualStudio.TestPlatform.CommunicationUtilities.TestRequestSender+<>c__DisplayClass34_0., took 4 ms.
TpTrace Verbose: 0 : 45796, 11, 2024/09/29, 15:43:02.282, 33724045455896, vstest.console.dll, TcpClientExtensions.MessageLoopAsync: Polling on remoteEndPoint: 127.0.0.1:64135 localEndPoint: 127.0.0.1:64134 after 16 ms
TpTrace Verbose: 0 : 45796, 4, 2024/09/29, 15:43:02.282, 33724045457803, vstest.console.dll, MulticastDelegateUtilities.SafeInvoke: InternalTestLoggerEvents.SendTestRunMessage: Invoking callback 1/1 for Microsoft.VisualStudio.TestPlatform.CommandLine.Internal.ConsoleLogger., took 0 ms.
TpTrace Verbose: 0 : 45796, 5, 2024/09/29, 15:43:02.284, 33724045480187, vstest.console.dll, TestRequestSender.StartTestRun: Sending test run with message: {"Version":7,"MessageType":"TestExecution.StartWithSources","Payload":{"AdapterSourceMap":{"_none_":["C:\\Users\\orti803786\\OneDrive - SIIGO SAS\\Documentos\\ASIGNACIONES\\Proyecto.Net8_Angular\\TaskManagementService\\TaskManagement.Api.Test\\bin\\Debug\\net8.0\\fine-code-coverage\\build-output\\TaskManagement.Api.Test.dll"]},"RunSettings":"<RunSettings>\r\n  <RunConfiguration>\r\n    <ResultsDirectory>C:\\Users\\orti803786\\OneDrive - SIIGO SAS\\Documentos\\ASIGNACIONES\\Proyecto.Net8_Angular\\TaskManagementService\\TaskManagement.Api.Test\\bin\\Debug\\net8.0\\fine-code-coverage\\coverage-tool-output</ResultsDirectory>\r\n    <TargetFrameworkVersion>.NETCoreApp,Version=v8.0</TargetFrameworkVersion>\r\n    <DesignMode>False</DesignMode>\r\n    <CollectSourceInformation>False</CollectSourceInformation>\r\n  </RunConfiguration>\r\n  <LoggerRunSettings>\r\n    <Loggers>\r\n      <Logger friendlyName=\"blame\" enabled=\"True\" />\r\n      <Logger friendlyName=\"Console\" uri=\"logger://microsoft/TestPlatform/ConsoleLogger/v1\" assemblyQualifiedName=\"Microsoft.VisualStudio.TestPlatform.CommandLine.Internal.ConsoleLogger, vstest.console, Version=15.0.0.0, Culture=neutral, PublicKeyToken=b03f5f7f11d50a3a\" codeBase=\"C:\\Program Files\\dotnet\\sdk\\8.0.302\\vstest.console.dll\" enabled=\"True\" />\r\n    </Loggers>\r\n  </LoggerRunSettings>\r\n  <DataCollectionRunSettings>\r\n    <DataCollectors>\r\n      <DataCollector friendlyName=\"blame\" enabled=\"True\">\r\n        <Configuration>\r\n          <ResultsDirectory>C:\\Users\\orti803786\\OneDrive - SIIGO SAS\\Documentos\\ASIGNACIONES\\Proyecto.Net8_Angular\\TaskManagementService\\TaskManagement.Api.Test\\bin\\Debug\\net8.0\\fine-code-coverage\\coverage-tool-output</ResultsDirectory>\r\n        </Configuration>\r\n      </DataCollector>\r\n    </DataCollectors>\r\n  </DataCollectionRunSettings>\r\n</RunSettings>","TestExecutionContext":{"FrequencyOfRunStatsChangeEvent":10,"RunStatsChangeEventTimeout":"00:00:01.5000000","InIsolation":false,"KeepAlive":false,"AreTestCaseLevelEventsRequired":false,"IsDebug":false,"TestCaseFilter":null,"FilterOptions":null},"Package":null}}
TpTrace Verbose: 0 : 45796, 5, 2024/09/29, 15:43:02.285, 33724045483388, vstest.console.dll, ParallelProxyExecutionManager.StartTestRunOnConcurrentManager: Execution started. Started clients: 1
TpTrace Verbose: 0 : 45796, 11, 2024/09/29, 15:43:03.072, 33724053357340, vstest.console.dll, TcpClientExtensions.MessageLoopAsync: NotifyDataAvailable remoteEndPoint: 127.0.0.1:64135 localEndPoint: 127.0.0.1:64134
TpTrace Verbose: 0 : 45796, 11, 2024/09/29, 15:43:03.072, 33724053359591, vstest.console.dll, TestRequestSender.OnExecutionMessageReceived: Received message: {"Version":7,"MessageType":"TestSession.Message","Payload":{"MessageLevel":0,"Message":"[xUnit.net 00:00:00.00] xUnit.net VSTest Adapter v2.5.3.1+6b60a9e56a (64-bit .NET 8.0.6)"}}
TpTrace Verbose: 0 : 45796, 11, 2024/09/29, 15:43:03.073, 33724053362692, vstest.console.dll, TestRunRequest:SendTestRunMessage: Starting.
TpTrace Verbose: 0 : 45796, 11, 2024/09/29, 15:43:03.073, 33724053363696, vstest.console.dll, MulticastDelegateUtilities.SafeInvoke: TestRun.LogMessages: Invoking callback 1/1 for Microsoft.VisualStudio.TestPlatform.CommandLine.TestRunResultAggregator., took 0 ms.
TpTrace Information: 0 : 45796, 11, 2024/09/29, 15:43:03.073, 33724053364257, vstest.console.dll, TestRunRequest:SendTestRunMessage: Completed.
TpTrace Verbose: 0 : 45796, 11, 2024/09/29, 15:43:03.073, 33724053364605, vstest.console.dll, MulticastDelegateUtilities.SafeInvoke: LengthPrefixCommunicationChannel: MessageReceived: Invoking callback 1/1 for Microsoft.VisualStudio.TestPlatform.CommunicationUtilities.TestRequestSender+<>c__DisplayClass34_0., took 0 ms.
TpTrace Verbose: 0 : 45796, 11, 2024/09/29, 15:43:03.073, 33724053364991, vstest.console.dll, TcpClientExtensions.MessageLoopAsync: Polling on remoteEndPoint: 127.0.0.1:64135 localEndPoint: 127.0.0.1:64134 after 790 ms
TpTrace Verbose: 0 : 45796, 4, 2024/09/29, 15:43:03.073, 33724053365862, vstest.console.dll, MulticastDelegateUtilities.SafeInvoke: InternalTestLoggerEvents.SendTestRunMessage: Invoking callback 1/1 for Microsoft.VisualStudio.TestPlatform.CommandLine.Internal.ConsoleLogger., took 0 ms.
TpTrace Verbose: 0 : 45796, 11, 2024/09/29, 15:43:03.759, 33724060226425, vstest.console.dll, TcpClientExtensions.MessageLoopAsync: NotifyDataAvailable remoteEndPoint: 127.0.0.1:64135 localEndPoint: 127.0.0.1:64134
TpTrace Verbose: 0 : 45796, 11, 2024/09/29, 15:43:03.759, 33724060229338, vstest.console.dll, TestRequestSender.OnExecutionMessageReceived: Received message: {"Version":7,"MessageType":"TestSession.Message","Payload":{"MessageLevel":0,"Message":"[xUnit.net 00:00:00.69]   Discovering: TaskManagement.Api.Test"}}
TpTrace Verbose: 0 : 45796, 11, 2024/09/29, 15:43:03.760, 33724060233526, vstest.console.dll, TestRunRequest:SendTestRunMessage: Starting.
TpTrace Verbose: 0 : 45796, 11, 2024/09/29, 15:43:03.760, 33724060234639, vstest.console.dll, MulticastDelegateUtilities.SafeInvoke: TestRun.LogMessages: Invoking callback 1/1 for Microsoft.VisualStudio.TestPlatform.CommandLine.TestRunResultAggregator., took 0 ms.
TpTrace Information: 0 : 45796, 11, 2024/09/29, 15:43:03.760, 33724060235027, vstest.console.dll, TestRunRequest:SendTestRunMessage: Completed.
TpTrace Verbose: 0 : 45796, 4, 2024/09/29, 15:43:03.760, 33724060234994, vstest.console.dll, MulticastDelegateUtilities.SafeInvoke: InternalTestLoggerEvents.SendTestRunMessage: Invoking callback 1/1 for Microsoft.VisualStudio.TestPlatform.CommandLine.Internal.ConsoleLogger., took 0 ms.
TpTrace Verbose: 0 : 45796, 11, 2024/09/29, 15:43:03.760, 33724060235695, vstest.console.dll, MulticastDelegateUtilities.SafeInvoke: LengthPrefixCommunicationChannel: MessageReceived: Invoking callback 1/1 for Microsoft.VisualStudio.TestPlatform.CommunicationUtilities.TestRequestSender+<>c__DisplayClass34_0., took 0 ms.
TpTrace Verbose: 0 : 45796, 11, 2024/09/29, 15:43:03.760, 33724060236972, vstest.console.dll, TcpClientExtensions.MessageLoopAsync: Polling on remoteEndPoint: 127.0.0.1:64135 localEndPoint: 127.0.0.1:64134 after 687 ms
TpTrace Verbose: 0 : 45796, 11, 2024/09/29, 15:43:03.955, 33724062181277, vstest.console.dll, TcpClientExtensions.MessageLoopAsync: NotifyDataAvailable remoteEndPoint: 127.0.0.1:64135 localEndPoint: 127.0.0.1:64134
TpTrace Verbose: 0 : 45796, 11, 2024/09/29, 15:43:03.955, 33724062184190, vstest.console.dll, TestRequestSender.OnExecutionMessageReceived: Received message: {"Version":7,"MessageType":"TestSession.Message","Payload":{"MessageLevel":0,"Message":"[xUnit.net 00:00:00.89]   Discovered:  TaskManagement.Api.Test"}}
TpTrace Verbose: 0 : 45796, 11, 2024/09/29, 15:43:03.955, 33724062186786, vstest.console.dll, TestRunRequest:SendTestRunMessage: Starting.
TpTrace Verbose: 0 : 45796, 11, 2024/09/29, 15:43:03.955, 33724062187961, vstest.console.dll, MulticastDelegateUtilities.SafeInvoke: TestRun.LogMessages: Invoking callback 1/1 for Microsoft.VisualStudio.TestPlatform.CommandLine.TestRunResultAggregator., took 0 ms.
TpTrace Information: 0 : 45796, 11, 2024/09/29, 15:43:03.955, 33724062188774, vstest.console.dll, TestRunRequest:SendTestRunMessage: Completed.
TpTrace Verbose: 0 : 45796, 11, 2024/09/29, 15:43:03.955, 33724062189294, vstest.console.dll, MulticastDelegateUtilities.SafeInvoke: LengthPrefixCommunicationChannel: MessageReceived: Invoking callback 1/1 for Microsoft.VisualStudio.TestPlatform.CommunicationUtilities.TestRequestSender+<>c__DisplayClass34_0., took 0 ms.
TpTrace Verbose: 0 : 45796, 11, 2024/09/29, 15:43:03.955, 33724062189765, vstest.console.dll, TcpClientExtensions.MessageLoopAsync: Polling on remoteEndPoint: 127.0.0.1:64135 localEndPoint: 127.0.0.1:64134 after 195 ms
TpTrace Verbose: 0 : 45796, 4, 2024/09/29, 15:43:03.956, 33724062192929, vstest.console.dll, MulticastDelegateUtilities.SafeInvoke: InternalTestLoggerEvents.SendTestRunMessage: Invoking callback 1/1 for Microsoft.VisualStudio.TestPlatform.CommandLine.Internal.ConsoleLogger., took 0 ms.
TpTrace Verbose: 0 : 45796, 11, 2024/09/29, 15:43:03.959, 33724062226473, vstest.console.dll, TcpClientExtensions.MessageLoopAsync: NotifyDataAvailable remoteEndPoint: 127.0.0.1:64135 localEndPoint: 127.0.0.1:64134
TpTrace Verbose: 0 : 45796, 11, 2024/09/29, 15:43:03.959, 33724062229271, vstest.console.dll, TestRequestSender.OnExecutionMessageReceived: Received message: {"Version":7,"MessageType":"TestSession.Message","Payload":{"MessageLevel":0,"Message":"[xUnit.net 00:00:00.89]   Starting:    TaskManagement.Api.Test"}}
TpTrace Verbose: 0 : 45796, 11, 2024/09/29, 15:43:03.960, 33724062232195, vstest.console.dll, TestRunRequest:SendTestRunMessage: Starting.
TpTrace Verbose: 0 : 45796, 11, 2024/09/29, 15:43:03.960, 33724062233893, vstest.console.dll, MulticastDelegateUtilities.SafeInvoke: TestRun.LogMessages: Invoking callback 1/1 for Microsoft.VisualStudio.TestPlatform.CommandLine.TestRunResultAggregator., took 0 ms.
TpTrace Information: 0 : 45796, 11, 2024/09/29, 15:43:03.960, 33724062234713, vstest.console.dll, TestRunRequest:SendTestRunMessage: Completed.
TpTrace Verbose: 0 : 45796, 4, 2024/09/29, 15:43:03.960, 33724062234238, vstest.console.dll, MulticastDelegateUtilities.SafeInvoke: InternalTestLoggerEvents.SendTestRunMessage: Invoking callback 1/1 for Microsoft.VisualStudio.TestPlatform.CommandLine.Internal.ConsoleLogger., took 0 ms.
TpTrace Verbose: 0 : 45796, 11, 2024/09/29, 15:43:03.960, 33724062235927, vstest.console.dll, MulticastDelegateUtilities.SafeInvoke: LengthPrefixCommunicationChannel: MessageReceived: Invoking callback 1/1 for Microsoft.VisualStudio.TestPlatform.CommunicationUtilities.TestRequestSender+<>c__DisplayClass34_0., took 0 ms.
TpTrace Verbose: 0 : 45796, 11, 2024/09/29, 15:43:03.960, 33724062237930, vstest.console.dll, TcpClientExtensions.MessageLoopAsync: Polling on remoteEndPoint: 127.0.0.1:64135 localEndPoint: 127.0.0.1:64134 after 4 ms
TpTrace Verbose: 0 : 45796, 11, 2024/09/29, 15:43:04.404, 33724066672200, vstest.console.dll, TcpClientExtensions.MessageLoopAsync: NotifyDataAvailable remoteEndPoint: 127.0.0.1:64135 localEndPoint: 127.0.0.1:64134
TpTrace Verbose: 0 : 45796, 11, 2024/09/29, 15:43:04.404, 33724066674366, vstest.console.dll, TestRequestSender.OnExecutionMessageReceived: Received message: {"Version":7,"MessageType":"TestExecution.StatsChange","Payload":{"NewTestResults":[],"TestRunStatistics":{"ExecutedTests":0,"Stats":{}},"ActiveTests":[{"Id":"c21c81c1-1793-f223-7b1c-61e496d0d57a","FullyQualifiedName":"TaskManagement.Api.Test.Controllers.TaskControllerTests.GetAllTasksAsync_NoTasksFound","DisplayName":"TaskManagement.Api.Test.Controllers.TaskControllerTests.GetAllTasksAsync_NoTasksFound","ExecutorUri":"executor://xunit/VsTestRunner2/netcoreapp","Source":"C:\\Users\\orti803786\\OneDrive - SIIGO SAS\\Documentos\\ASIGNACIONES\\Proyecto.Net8_Angular\\TaskManagementService\\TaskManagement.Api.Test\\bin\\Debug\\net8.0\\fine-code-coverage\\build-output\\TaskManagement.Api.Test.dll","CodeFilePath":null,"LineNumber":0,"Properties":[]}]}}
TpTrace Verbose: 0 : 45796, 11, 2024/09/29, 15:43:04.423, 33724066864545, vstest.console.dll, TestRunRequest:SendTestRunStatsChange: Starting.
TpTrace Verbose: 0 : 45796, 11, 2024/09/29, 15:43:04.423, 33724066866372, vstest.console.dll, InProgress is TaskManagement.Api.Test.Controllers.TaskControllerTests.GetAllTasksAsync_NoTasksFound
TpTrace Verbose: 0 : 45796, 11, 2024/09/29, 15:43:04.423, 33724066867819, vstest.console.dll, MulticastDelegateUtilities.SafeInvoke: TestRun.RunStatsChanged: Invoking callbacks was skipped because there are no subscribers.
TpTrace Information: 0 : 45796, 11, 2024/09/29, 15:43:04.423, 33724066868172, vstest.console.dll, TestRunRequest:SendTestRunStatsChange: Completed.
TpTrace Verbose: 0 : 45796, 11, 2024/09/29, 15:43:04.423, 33724066868650, vstest.console.dll, MulticastDelegateUtilities.SafeInvoke: LengthPrefixCommunicationChannel: MessageReceived: Invoking callback 1/1 for Microsoft.VisualStudio.TestPlatform.CommunicationUtilities.TestRequestSender+<>c__DisplayClass34_0., took 19 ms.
TpTrace Verbose: 0 : 45796, 11, 2024/09/29, 15:43:04.423, 33724066868998, vstest.console.dll, TcpClientExtensions.MessageLoopAsync: Polling on remoteEndPoint: 127.0.0.1:64135 localEndPoint: 127.0.0.1:64134 after 463 ms
TpTrace Verbose: 0 : 45796, 11, 2024/09/29, 15:43:05.150, 33724074139309, vstest.console.dll, TcpClientExtensions.MessageLoopAsync: NotifyDataAvailable remoteEndPoint: 127.0.0.1:64135 localEndPoint: 127.0.0.1:64134
TpTrace Verbose: 0 : 45796, 11, 2024/09/29, 15:43:05.151, 33724074141340, vstest.console.dll, TestRequestSender.OnExecutionMessageReceived: Received message: {"Version":7,"MessageType":"TestSession.Message","Payload":{"MessageLevel":0,"Message":"[xUnit.net 00:00:02.08]   Finished:    TaskManagement.Api.Test"}}
TpTrace Verbose: 0 : 45796, 11, 2024/09/29, 15:43:05.151, 33724074143304, vstest.console.dll, TestRunRequest:SendTestRunMessage: Starting.
TpTrace Verbose: 0 : 45796, 11, 2024/09/29, 15:43:05.151, 33724074144300, vstest.console.dll, MulticastDelegateUtilities.SafeInvoke: TestRun.LogMessages: Invoking callback 1/1 for Microsoft.VisualStudio.TestPlatform.CommandLine.TestRunResultAggregator., took 0 ms.
TpTrace Verbose: 0 : 45796, 4, 2024/09/29, 15:43:05.151, 33724074144626, vstest.console.dll, MulticastDelegateUtilities.SafeInvoke: InternalTestLoggerEvents.SendTestRunMessage: Invoking callback 1/1 for Microsoft.VisualStudio.TestPlatform.CommandLine.Internal.ConsoleLogger., took 0 ms.
TpTrace Information: 0 : 45796, 11, 2024/09/29, 15:43:05.151, 33724074144699, vstest.console.dll, TestRunRequest:SendTestRunMessage: Completed.
TpTrace Verbose: 0 : 45796, 11, 2024/09/29, 15:43:05.151, 33724074145954, vstest.console.dll, MulticastDelegateUtilities.SafeInvoke: LengthPrefixCommunicationChannel: MessageReceived: Invoking callback 1/1 for Microsoft.VisualStudio.TestPlatform.CommunicationUtilities.TestRequestSender+<>c__DisplayClass34_0., took 0 ms.
TpTrace Verbose: 0 : 45796, 11, 2024/09/29, 15:43:05.151, 33724074146497, vstest.console.dll, TcpClientExtensions.MessageLoopAsync: Polling on remoteEndPoint: 127.0.0.1:64135 localEndPoint: 127.0.0.1:64134 after 727 ms
TpTrace Verbose: 0 : 45796, 11, 2024/09/29, 15:43:05.183, 33724074466117, vstest.console.dll, TcpClientExtensions.MessageLoopAsync: NotifyDataAvailable remoteEndPoint: 127.0.0.1:64135 localEndPoint: 127.0.0.1:64134
TpTrace Verbose: 0 : 45796, 11, 2024/09/29, 15:43:05.183, 33724074469933, vstest.console.dll, TestRequestSender.OnExecutionMessageReceived: Received message: {"Version":7,"MessageType":"TestExecution.Completed","Payload":{"TestRunCompleteArgs":{"TestRunStatistics":{"ExecutedTests":3,"Stats":{"Passed":3}},"IsCanceled":false,"IsAborted":false,"Error":null,"AttachmentSets":[],"InvokedDataCollectors":[],"ElapsedTimeInRunningTests":"00:00:02.1075018","Metrics":{},"DiscoveredExtensions":{"TestDiscoverers":["Xunit.Runner.VisualStudio.VsTestRunner, xunit.runner.visualstudio.dotnetcore.testadapter, Version=2.5.0.0, Culture=neutral, PublicKeyToken=null"],"TestExecutors":["executor://xunit/VsTestRunner2/netcoreapp"],"TestExecutors2":[],"TestSettingsProviders":[]}},"LastRunTests":{"NewTestResults":[{"TestCase":{"Id":"c21c81c1-1793-f223-7b1c-61e496d0d57a","FullyQualifiedName":"TaskManagement.Api.Test.Controllers.TaskControllerTests.GetAllTasksAsync_NoTasksFound","DisplayName":"TaskManagement.Api.Test.Controllers.TaskControllerTests.GetAllTasksAsync_NoTasksFound","ExecutorUri":"executor://xunit/VsTestRunner2/netcoreapp","Source":"C:\\Users\\orti803786\\OneDrive - SIIGO SAS\\Documentos\\ASIGNACIONES\\Proyecto.Net8_Angular\\TaskManagementService\\TaskManagement.Api.Test\\bin\\Debug\\net8.0\\fine-code-coverage\\build-output\\TaskManagement.Api.Test.dll","CodeFilePath":null,"LineNumber":0,"Properties":[]},"Attachments":[],"Outcome":1,"ErrorMessage":null,"ErrorStackTrace":null,"DisplayName":"TaskManagement.Api.Test.Controllers.TaskControllerTests.GetAllTasksAsync_NoTasksFound","Messages":[],"ComputerName":"ORTI803786-11","Duration":"00:00:01.0297365","StartTime":"2024-09-29T20:43:05.1009092+00:00","EndTime":"2024-09-29T20:43:05.1009375+00:00","Properties":[]},{"TestCase":{"Id":"f95bc30d-21c9-9a14-fde4-02f6b89eeb9c","FullyQualifiedName":"TaskManagement.Api.Test.Controllers.TaskControllerTests.GetAllTasksAsync_TasksFound","DisplayName":"TaskManagement.Api.Test.Controllers.TaskControllerTests.GetAllTasksAsync_TasksFound","ExecutorUri":"executor://xunit/VsTestRunner2/netcoreapp","Source":"C:\\Users\\orti803786\\OneDrive - SIIGO SAS\\Documentos\\ASIGNACIONES\\Proyecto.Net8_Angular\\TaskManagementService\\TaskManagement.Api.Test\\bin\\Debug\\net8.0\\fine-code-coverage\\build-output\\TaskManagement.Api.Test.dll","CodeFilePath":null,"LineNumber":0,"Properties":[]},"Attachments":[],"Outcome":1,"ErrorMessage":null,"ErrorStackTrace":null,"DisplayName":"TaskManagement.Api.Test.Controllers.TaskControllerTests.GetAllTasksAsync_TasksFound","Messages":[],"ComputerName":"ORTI803786-11","Duration":"00:00:00.0063505","StartTime":"2024-09-29T20:43:05.1408051+00:00","EndTime":"2024-09-29T20:43:05.1408054+00:00","Properties":[]},{"TestCase":{"Id":"199485eb-436d-3da8-3a89-8d287592cf2a","FullyQualifiedName":"TaskManagement.Api.Test.Controllers.TaskControllerTests.VerifyToken_UserIdIsInvalid","DisplayName":"TaskManagement.Api.Test.Controllers.TaskControllerTests.VerifyToken_UserIdIsInvalid","ExecutorUri":"executor://xunit/VsTestRunner2/netcoreapp","Source":"C:\\Users\\orti803786\\OneDrive - SIIGO SAS\\Documentos\\ASIGNACIONES\\Proyecto.Net8_Angular\\TaskManagementService\\TaskManagement.Api.Test\\bin\\Debug\\net8.0\\fine-code-coverage\\build-output\\TaskManagement.Api.Test.dll","CodeFilePath":null,"LineNumber":0,"Properties":[]},"Attachments":[],"Outcome":1,"ErrorMessage":null,"ErrorStackTrace":null,"DisplayName":"TaskManagement.Api.Test.Controllers.TaskControllerTests.VerifyToken_UserIdIsInvalid","Messages":[],"ComputerName":"ORTI803786-11","Duration":"00:00:00.0212644","StartTime":"2024-09-29T20:43:05.1469546+00:00","EndTime":"2024-09-29T20:43:05.1469548+00:00","Properties":[]}],"TestRunStatistics":{"ExecutedTests":3,"Stats":{"Passed":3}},"ActiveTests":[]},"RunAttachments":[],"ExecutorUris":["executor://xunit/VsTestRunner2/netcoreapp"]}}
TpTrace Verbose: 0 : 45796, 11, 2024/09/29, 15:43:05.184, 33724074472118, vstest.console.dll, TestRequestSender.EndSession: Sending end session.
TpTrace Verbose: 0 : 45796, 11, 2024/09/29, 15:43:05.184, 33724074476821, vstest.console.dll, ProxyOperationManager.Close: waiting for test host to exit for 100 ms
TpTrace Verbose: 0 : 45796, 12, 2024/09/29, 15:43:05.244, 33724075079976, vstest.console.dll, TestHostManagerCallbacks.ctor: Experimental forwarding output is disabled.
TpTrace Warning: 0 : 45796, 12, 2024/09/29, 15:43:05.245, 33724075082179, vstest.console.dll, TestHostManagerCallbacks.ErrorReceivedCallback Test host standard error line: 
TpTrace Verbose: 0 : 45796, 12, 2024/09/29, 15:43:05.273, 33724075361717, vstest.console.dll, TestHostProvider.ExitCallBack: Host exited starting callback.
TpTrace Information: 0 : 45796, 12, 2024/09/29, 15:43:05.273, 33724075363755, vstest.console.dll, TestHostManagerCallbacks.ExitCallBack: Testhost processId: 37860 exited with exitcode: 0 error: ''
TpTrace Verbose: 0 : 45796, 12, 2024/09/29, 15:43:05.273, 33724075364337, vstest.console.dll, DotnetTestHostManager.OnHostExited: invoking OnHostExited callback
TpTrace Verbose: 0 : 45796, 12, 2024/09/29, 15:43:05.273, 33724075364932, vstest.console.dll, CrossPlatEngine.TestHostManagerHostExited: calling on client process exit callback.
TpTrace Information: 0 : 45796, 12, 2024/09/29, 15:43:05.273, 33724075365619, vstest.console.dll, TestRequestSender.OnClientProcessExit: Test host process exited. Standard error: 
TpTrace Information: 0 : 45796, 12, 2024/09/29, 15:43:05.273, 33724075366074, vstest.console.dll, SocketServer.Stop: Stop server endPoint: 127.0.0.1:64134
TpTrace Information: 0 : 45796, 12, 2024/09/29, 15:43:05.273, 33724075366398, vstest.console.dll, SocketServer.Stop: Cancellation requested. Stopping message loop.
TpTrace Information: 0 : 45796, 11, 2024/09/29, 15:43:05.273, 33724075366135, vstest.console.dll, SocketServer.Stop: Stop server endPoint: 127.0.0.1:64134
TpTrace Information: 0 : 45796, 11, 2024/09/29, 15:43:05.273, 33724075367412, vstest.console.dll, SocketServer.Stop: Cancellation requested. Stopping message loop.
TpTrace Information: 0 : 45796, 11, 2024/09/29, 15:43:05.273, 33724075370262, vstest.console.dll, Closing the connection
TpTrace Verbose: 0 : 45796, 12, 2024/09/29, 15:43:05.274, 33724075371664, vstest.console.dll, MulticastDelegateUtilities.SafeInvoke: HostProviderEvents.OnHostExited: Invoking callback 1/1 for Microsoft.VisualStudio.TestPlatform.CrossPlatEngine.Client.ProxyOperationManager., took 0 ms.
TpTrace Verbose: 0 : 45796, 11, 2024/09/29, 15:43:05.275, 33724075382019, vstest.console.dll, ProxyDataCollectionManager.InvokeDataCollectionServiceAction: Starting.
TpTrace Information: 0 : 45796, 11, 2024/09/29, 15:43:05.275, 33724075382703, vstest.console.dll, ProxyDataCollectionManager.AfterTestRunEnd: Get attachment set and invoked data collectors processId: 17752 port: 64125
TpTrace Verbose: 0 : 45796, 11, 2024/09/29, 15:43:05.275, 33724075383402, vstest.console.dll, DataCollectionRequestSender.SendAfterTestRunStartAndGetResult: Send AfterTestRunEnd message with isCancelled: False
TpTrace Verbose: 0 : 45796, 11, 2024/09/29, 15:43:05.287, 33724075510717, vstest.console.dll, DataCollectionRequestSender.SendAfterTestRunStartAndGetResult: Received message: (DataCollection.AfterTestRunEndResult) -> {"MessageType":"DataCollection.AfterTestRunEndResult","Payload":{"AttachmentSets":[],"InvokedDataCollectors":[{"Uri":"datacollector://Microsoft/TestPlatform/Extensions/Blame/v1","FriendlyName":"Blame","AssemblyQualifiedName":"Microsoft.TestPlatform.Extensions.BlameDataCollector.BlameCollector, Microsoft.TestPlatform.Extensions.BlameDataCollector, Version=15.0.0.0, Culture=neutral, PublicKeyToken=b03f5f7f11d50a3a","FilePath":"C:\\Program Files\\dotnet\\sdk\\8.0.302\\Extensions\\Microsoft.TestPlatform.Extensions.BlameDataCollector.dll","HasAttachmentProcessor":false}],"Metrics":{}}}
TpTrace Information: 0 : 45796, 11, 2024/09/29, 15:43:05.295, 33724075583629, vstest.console.dll, ProxyDataCollectionManager.InvokeDataCollectionServiceAction: Completed.
TpTrace Warning: 0 : 45796, 7, 2024/09/29, 15:43:05.323, 33724075861254, vstest.console.dll, DataCollectionLauncher.ErrorReceivedCallback datacollector standard error line: 
TpTrace Information: 0 : 45796, 7, 2024/09/29, 15:43:05.351, 33724076148078, vstest.console.dll, DataCollectionLauncher.ExitCallBack: Data collector exited with exitcode: 0 error: ''
TpTrace Verbose: 0 : 45796, 11, 2024/09/29, 15:43:05.353, 33724076170118, vstest.console.dll, TestRunRequest:SendTestRunStatsChange: Starting.
TpTrace Verbose: 0 : 45796, 11, 2024/09/29, 15:43:05.354, 33724076172569, vstest.console.dll, MulticastDelegateUtilities.SafeInvoke: TestRun.RunStatsChanged: Invoking callbacks was skipped because there are no subscribers.
TpTrace Information: 0 : 45796, 11, 2024/09/29, 15:43:05.354, 33724076173065, vstest.console.dll, TestRunRequest:SendTestRunStatsChange: Completed.
TpTrace Verbose: 0 : 45796, 11, 2024/09/29, 15:43:05.354, 33724076177094, vstest.console.dll, ParallelProxyExecutionManager: HandlePartialRunComplete: Total workloads = 1, Total started clients = 1 Total completed clients = 1, Run complete = True, Run canceled: False.
TpTrace Verbose: 0 : 45796, 11, 2024/09/29, 15:43:05.354, 33724076177673, vstest.console.dll, ParallelProxyExecutionManager: HandlePartialRunComplete: All runs completed stopping all managers.
TpTrace Verbose: 0 : 45796, 11, 2024/09/29, 15:43:05.354, 33724076178069, vstest.console.dll, ParallelOperationManager.StopAllManagers: Stopping all managers.
TpTrace Verbose: 0 : 45796, 11, 2024/09/29, 15:43:05.354, 33724076178393, vstest.console.dll, ParallelOperationManager.ClearSlots: Clearing all slots. Slots should accept more work: False
TpTrace Verbose: 0 : 45796, 11, 2024/09/29, 15:43:05.354, 33724076178924, vstest.console.dll, ParallelOperationManager.SetOccupiedSlotCount: Setting slot counts AvailableSlotCount = 1, OccupiedSlotCount = 0.
TpTrace Verbose: 0 : 45796, 11, 2024/09/29, 15:43:05.354, 33724076179516, vstest.console.dll, Occupied slots:

TpTrace Verbose: 0 : 45796, 4, 2024/09/29, 15:43:05.358, 33724076218172, vstest.console.dll, MulticastDelegateUtilities.SafeInvoke: InternalTestLoggerEvents.SendTestResult: Invoking callback 1/1 for Microsoft.VisualStudio.TestPlatform.CommandLine.Internal.ConsoleLogger., took 4 ms.
TpTrace Verbose: 0 : 45796, 4, 2024/09/29, 15:43:05.359, 33724076222319, vstest.console.dll, MulticastDelegateUtilities.SafeInvoke: InternalTestLoggerEvents.SendTestResult: Invoking callback 1/1 for Microsoft.VisualStudio.TestPlatform.CommandLine.Internal.ConsoleLogger., took 0 ms.
TpTrace Verbose: 0 : 45796, 4, 2024/09/29, 15:43:05.359, 33724076223127, vstest.console.dll, MulticastDelegateUtilities.SafeInvoke: InternalTestLoggerEvents.SendTestResult: Invoking callback 1/1 for Microsoft.VisualStudio.TestPlatform.CommandLine.Internal.ConsoleLogger., took 0 ms.
TpTrace Verbose: 0 : 45796, 4, 2024/09/29, 15:43:05.369, 33724076325839, vstest.console.dll, MulticastDelegateUtilities.SafeInvoke: InternalTestLoggerEvents.SendTestRunComplete: Invoking callback 1/2 for Microsoft.TestPlatform.Extensions.BlameDataCollector.BlameLogger., took 0 ms.
TpTrace Verbose: 0 : 45796, 4, 2024/09/29, 15:43:05.378, 33724076413766, vstest.console.dll, MulticastDelegateUtilities.SafeInvoke: InternalTestLoggerEvents.SendTestRunComplete: Invoking callback 2/2 for Microsoft.VisualStudio.TestPlatform.CommandLine.Internal.ConsoleLogger., took 8 ms.
TpTrace Verbose: 0 : 45796, 11, 2024/09/29, 15:43:05.378, 33724076417114, vstest.console.dll, TestRunRequest:TestRunComplete: Starting. IsAborted:False IsCanceled:False.
TpTrace Verbose: 0 : 45796, 11, 2024/09/29, 15:43:05.378, 33724076418896, vstest.console.dll, ParallelOperationManager.DoActionOnAllManagers: Calling an action on all managers.
TpTrace Verbose: 0 : 45796, 11, 2024/09/29, 15:43:05.380, 33724076434817, vstest.console.dll, TestLoggerManager.HandleTestRunComplete: Ignoring as the object is disposed.
TpTrace Verbose: 0 : 45796, 11, 2024/09/29, 15:43:05.380, 33724076437490, vstest.console.dll, MulticastDelegateUtilities.SafeInvoke: TestRun.TestRunComplete: Invoking callback 1/2 for Microsoft.VisualStudio.TestPlatform.CommandLine.TestRunResultAggregator., took 0 ms.
TpTrace Verbose: 0 : 45796, 11, 2024/09/29, 15:43:05.380, 33724076438987, vstest.console.dll, MulticastDelegateUtilities.SafeInvoke: TestRun.TestRunComplete: Invoking callback 2/2 for Microsoft.VisualStudio.TestPlatform.CommandLine.Processors.RunTestsArgumentExecutor+TestRunRequestEventsRegistrar., took 0 ms.
TpTrace Information: 0 : 45796, 11, 2024/09/29, 15:43:05.380, 33724076440376, vstest.console.dll, TestRunRequest:TestRunComplete: Completed.
TpTrace Verbose: 0 : 45796, 11, 2024/09/29, 15:43:05.380, 33724076440810, vstest.console.dll, TestRequestSender.SetOperationComplete: Setting operation complete.
TpTrace Verbose: 0 : 45796, 1, 2024/09/29, 15:43:05.380, 33724076440805, vstest.console.dll, TestRunRequest.Dispose: Starting.
TpTrace Information: 0 : 45796, 11, 2024/09/29, 15:43:05.381, 33724076441276, vstest.console.dll, SocketServer.Stop: Stop server endPoint: 127.0.0.1:64134
TpTrace Information: 0 : 45796, 1, 2024/09/29, 15:43:05.381, 33724076442338, vstest.console.dll, TestRunRequest.Dispose: Completed.
TpTrace Information: 0 : 45796, 11, 2024/09/29, 15:43:05.381, 33724076442680, vstest.console.dll, SocketServer.Stop: Cancellation requested. Stopping message loop.
TpTrace Information: 0 : 45796, 1, 2024/09/29, 15:43:05.381, 33724076443577, vstest.console.dll, TestRequestManager.RunTests: run tests completed.
TpTrace Verbose: 0 : 45796, 11, 2024/09/29, 15:43:05.381, 33724076443832, vstest.console.dll, MulticastDelegateUtilities.SafeInvoke: LengthPrefixCommunicationChannel: MessageReceived: Invoking callback 1/1 for Microsoft.VisualStudio.TestPlatform.CommunicationUtilities.TestRequestSender+<>c__DisplayClass34_0., took 197 ms.
TpTrace Information: 0 : 45796, 1, 2024/09/29, 15:43:05.381, 33724076445076, vstest.console.dll, RunTestsArgumentProcessor:Execute: Test run is completed.
TpTrace Information: 0 : 45796, 11, 2024/09/29, 15:43:05.381, 33724076445464, vstest.console.dll, SocketServer.PrivateStop: Stopping server endPoint: 127.0.0.1:64134 error: 
TpTrace Verbose: 0 : 45796, 1, 2024/09/29, 15:43:05.381, 33724076448789, vstest.console.dll, Executor.Execute: Exiting with exit code of 0
TpTrace Verbose: 0 : 45796, 11, 2024/09/29, 15:43:05.382, 33724076452874, vstest.console.dll, LengthPrefixCommunicationChannel.Dispose: Dispose reader and writer.
TpTrace Information: 0 : 45796, 11, 2024/09/29, 15:43:05.382, 33724076453776, vstest.console.dll, SocketServer.Stop: Raise disconnected event endPoint: 127.0.0.1:64134 error: 
TpTrace Verbose: 0 : 45796, 11, 2024/09/29, 15:43:05.382, 33724076454784, vstest.console.dll, TestRequestSender: OnTestRunAbort: Operation is already complete. Skip error message.
TpTrace Verbose: 0 : 45796, 11, 2024/09/29, 15:43:05.382, 33724076455191, vstest.console.dll, MulticastDelegateUtilities.SafeInvoke: SocketServer: ClientDisconnected: Invoking callback 1/1 for Microsoft.VisualStudio.TestPlatform.CommunicationUtilities.TestRequestSender., took 0 ms.
TpTrace Verbose: 0 : 45796, 11, 2024/09/29, 15:43:05.382, 33724076455564, vstest.console.dll, TcpClientExtensions.MessageLoopAsync: exiting MessageLoopAsync remoteEndPoint: 127.0.0.1:64135 localEndPoint: 127.0.0.1:64134
